{"/Users/user/Documents/challenge/onda-finance/src/components/index.ts": {"path":"/Users/user/Documents/challenge/onda-finance/src/components/index.ts","statementMap":{},"fnMap":{},"branchMap":{},"s":{},"f":{},"b":{}}
,"/Users/user/Documents/challenge/onda-finance/src/components/AvatarPhoto/AvatarPhoto.tsx": {"path":"/Users/user/Documents/challenge/onda-finance/src/components/AvatarPhoto/AvatarPhoto.tsx","statementMap":{"0":{"start":{"line":14,"column":4},"end":{"line":19,"column":6}}},"fnMap":{"0":{"name":"ProfileAvatar","decl":{"start":{"line":9,"column":20},"end":{"line":9,"column":33}},"loc":{"start":{"line":13,"column":27},"end":{"line":20,"column":5}},"line":13}},"branchMap":{"0":{"loc":{"start":{"line":11,"column":4},"end":{"line":11,"column":21}},"type":"default-arg","locations":[{"start":{"line":11,"column":19},"end":{"line":11,"column":21}}],"line":11},"1":{"loc":{"start":{"line":12,"column":4},"end":{"line":12,"column":13}},"type":"default-arg","locations":[{"start":{"line":12,"column":11},"end":{"line":12,"column":13}}],"line":12}},"s":{"0":0},"f":{"0":0},"b":{"0":[0],"1":[0]}}
,"/Users/user/Documents/challenge/onda-finance/src/components/AvatarPhoto/index.ts": {"path":"/Users/user/Documents/challenge/onda-finance/src/components/AvatarPhoto/index.ts","statementMap":{},"fnMap":{},"branchMap":{},"s":{},"f":{},"b":{}}
,"/Users/user/Documents/challenge/onda-finance/src/components/Box/Box.tsx": {"path":"/Users/user/Documents/challenge/onda-finance/src/components/Box/Box.tsx","statementMap":{"0":{"start":{"line":18,"column":40},"end":{"line":18,"column":58}},"1":{"start":{"line":31,"column":52},"end":{"line":31,"column":170}},"2":{"start":{"line":34,"column":44},"end":{"line":36,"column":17}}},"fnMap":{},"branchMap":{},"s":{"0":0,"1":0,"2":0},"f":{},"b":{}}
,"/Users/user/Documents/challenge/onda-finance/src/components/Box/index.ts": {"path":"/Users/user/Documents/challenge/onda-finance/src/components/Box/index.ts","statementMap":{},"fnMap":{},"branchMap":{},"s":{},"f":{},"b":{}}
,"/Users/user/Documents/challenge/onda-finance/src/components/Button/Button.tsx": {"path":"/Users/user/Documents/challenge/onda-finance/src/components/Button/Button.tsx","statementMap":{"0":{"start":{"line":27,"column":25},"end":{"line":27,"column":85}},"1":{"start":{"line":28,"column":4},"end":{"line":47,"column":6}}},"fnMap":{"0":{"name":"Button","decl":{"start":{"line":20,"column":20},"end":{"line":20,"column":26}},"loc":{"start":{"line":26,"column":20},"end":{"line":48,"column":5}},"line":26}},"branchMap":{"0":{"loc":{"start":{"line":23,"column":4},"end":{"line":23,"column":22}},"type":"default-arg","locations":[{"start":{"line":23,"column":13},"end":{"line":23,"column":22}}],"line":23},"1":{"loc":{"start":{"line":27,"column":51},"end":{"line":27,"column":84}},"type":"cond-expr","locations":[{"start":{"line":27,"column":62},"end":{"line":27,"column":72}},{"start":{"line":27,"column":75},"end":{"line":27,"column":84}}],"line":27},"2":{"loc":{"start":{"line":30,"column":22},"end":{"line":30,"column":41}},"type":"binary-expr","locations":[{"start":{"line":30,"column":22},"end":{"line":30,"column":30}},{"start":{"line":30,"column":34},"end":{"line":30,"column":41}}],"line":30},"3":{"loc":{"start":{"line":39,"column":9},"end":{"line":45,"column":9}},"type":"cond-expr","locations":[{"start":{"line":40,"column":12},"end":{"line":40,"column":33}},{"start":{"line":42,"column":12},"end":{"line":44,"column":19}}],"line":39}},"s":{"0":0,"1":0},"f":{"0":0},"b":{"0":[0],"1":[0,0],"2":[0,0],"3":[0,0]}}
,"/Users/user/Documents/challenge/onda-finance/src/components/Button/index.ts": {"path":"/Users/user/Documents/challenge/onda-finance/src/components/Button/index.ts","statementMap":{},"fnMap":{},"branchMap":{},"s":{},"f":{},"b":{}}
,"/Users/user/Documents/challenge/onda-finance/src/components/Button/Component_Intern/ButtonPresets_Onda.ts": {"path":"/Users/user/Documents/challenge/onda-finance/src/components/Button/Component_Intern/ButtonPresets_Onda.ts","statementMap":{"0":{"start":{"line":17,"column":8},"end":{"line":74,"column":5}}},"fnMap":{},"branchMap":{},"s":{"0":0},"f":{},"b":{}}
,"/Users/user/Documents/challenge/onda-finance/src/components/ButtonDirection/ButtonDirection.tsx": {"path":"/Users/user/Documents/challenge/onda-finance/src/components/ButtonDirection/ButtonDirection.tsx","statementMap":{"0":{"start":{"line":6,"column":43},"end":{"line":10,"column":5}},"1":{"start":{"line":27,"column":4},"end":{"line":54,"column":6}}},"fnMap":{"0":{"name":"ButtonDirection","decl":{"start":{"line":20,"column":20},"end":{"line":20,"column":35}},"loc":{"start":{"line":26,"column":26},"end":{"line":55,"column":5}},"line":26}},"branchMap":{},"s":{"0":0,"1":0},"f":{"0":0},"b":{}}
,"/Users/user/Documents/challenge/onda-finance/src/components/ButtonDirection/index.ts": {"path":"/Users/user/Documents/challenge/onda-finance/src/components/ButtonDirection/index.ts","statementMap":{},"fnMap":{},"branchMap":{},"s":{},"f":{},"b":{}}
,"/Users/user/Documents/challenge/onda-finance/src/components/CardInfoGenerics/CardInfoGenerics.tsx": {"path":"/Users/user/Documents/challenge/onda-finance/src/components/CardInfoGenerics/CardInfoGenerics.tsx","statementMap":{"0":{"start":{"line":16,"column":23},"end":{"line":16,"column":63}},"1":{"start":{"line":18,"column":23},"end":{"line":18,"column":42}},"2":{"start":{"line":20,"column":43},"end":{"line":22,"column":7}},"3":{"start":{"line":21,"column":4},"end":{"line":21,"column":48}},"4":{"start":{"line":25,"column":21},"end":{"line":25,"column":49}},"5":{"start":{"line":26,"column":21},"end":{"line":26,"column":47}},"6":{"start":{"line":27,"column":2},"end":{"line":27,"column":36}},"7":{"start":{"line":32,"column":4},"end":{"line":114,"column":6}}},"fnMap":{"0":{"name":"CardInfoGenerics","decl":{"start":{"line":12,"column":20},"end":{"line":12,"column":36}},"loc":{"start":{"line":15,"column":34},"end":{"line":115,"column":5}},"line":15},"1":{"name":"(anonymous_1)","decl":{"start":{"line":20,"column":57},"end":{"line":20,"column":58}},"loc":{"start":{"line":20,"column":73},"end":{"line":22,"column":3}},"line":20},"2":{"name":"getAssetPercentual","decl":{"start":{"line":24,"column":11},"end":{"line":24,"column":29}},"loc":{"start":{"line":24,"column":67},"end":{"line":28,"column":1}},"line":24}},"branchMap":{"0":{"loc":{"start":{"line":16,"column":23},"end":{"line":16,"column":63}},"type":"cond-expr","locations":[{"start":{"line":16,"column":31},"end":{"line":16,"column":59}},{"start":{"line":16,"column":62},"end":{"line":16,"column":63}}],"line":16},"1":{"loc":{"start":{"line":46,"column":18},"end":{"line":46,"column":80}},"type":"cond-expr","locations":[{"start":{"line":46,"column":58},"end":{"line":46,"column":70}},{"start":{"line":46,"column":73},"end":{"line":46,"column":80}}],"line":46},"2":{"loc":{"start":{"line":48,"column":12},"end":{"line":48,"column":82}},"type":"cond-expr","locations":[{"start":{"line":48,"column":52},"end":{"line":48,"column":65}},{"start":{"line":48,"column":68},"end":{"line":48,"column":82}}],"line":48},"3":{"loc":{"start":{"line":54,"column":38},"end":{"line":54,"column":98}},"type":"cond-expr","locations":[{"start":{"line":54,"column":78},"end":{"line":54,"column":86}},{"start":{"line":54,"column":89},"end":{"line":54,"column":98}}],"line":54},"4":{"loc":{"start":{"line":54,"column":112},"end":{"line":54,"column":172}},"type":"cond-expr","locations":[{"start":{"line":54,"column":152},"end":{"line":54,"column":160}},{"start":{"line":54,"column":163},"end":{"line":54,"column":172}}],"line":54},"5":{"loc":{"start":{"line":55,"column":13},"end":{"line":55,"column":31}},"type":"binary-expr","locations":[{"start":{"line":55,"column":13},"end":{"line":55,"column":24}},{"start":{"line":55,"column":28},"end":{"line":55,"column":31}}],"line":55},"6":{"loc":{"start":{"line":64,"column":17},"end":{"line":65,"column":51}},"type":"binary-expr","locations":[{"start":{"line":64,"column":17},"end":{"line":64,"column":54}},{"start":{"line":65,"column":16},"end":{"line":65,"column":51}}],"line":64},"7":{"loc":{"start":{"line":69,"column":9},"end":{"line":71,"column":9}},"type":"binary-expr","locations":[{"start":{"line":69,"column":10},"end":{"line":69,"column":44}},{"start":{"line":69,"column":48},"end":{"line":69,"column":82}},{"start":{"line":69,"column":86},"end":{"line":69,"column":123}},{"start":{"line":70,"column":12},"end":{"line":70,"column":81}}],"line":69},"8":{"loc":{"start":{"line":75,"column":13},"end":{"line":75,"column":191}},"type":"cond-expr","locations":[{"start":{"line":75,"column":51},"end":{"line":75,"column":108}},{"start":{"line":75,"column":112},"end":{"line":75,"column":191}}],"line":75},"9":{"loc":{"start":{"line":75,"column":112},"end":{"line":75,"column":191}},"type":"cond-expr","locations":[{"start":{"line":75,"column":152},"end":{"line":75,"column":166}},{"start":{"line":75,"column":169},"end":{"line":75,"column":191}}],"line":75},"10":{"loc":{"start":{"line":95,"column":16},"end":{"line":95,"column":76}},"type":"cond-expr","locations":[{"start":{"line":95,"column":56},"end":{"line":95,"column":64}},{"start":{"line":95,"column":67},"end":{"line":95,"column":76}}],"line":95},"11":{"loc":{"start":{"line":98,"column":16},"end":{"line":98,"column":76}},"type":"cond-expr","locations":[{"start":{"line":98,"column":56},"end":{"line":98,"column":64}},{"start":{"line":98,"column":67},"end":{"line":98,"column":76}}],"line":98},"12":{"loc":{"start":{"line":101,"column":13},"end":{"line":105,"column":30}},"type":"cond-expr","locations":[{"start":{"line":102,"column":18},"end":{"line":102,"column":32}},{"start":{"line":103,"column":18},"end":{"line":105,"column":30}}],"line":101},"13":{"loc":{"start":{"line":103,"column":18},"end":{"line":105,"column":30}},"type":"cond-expr","locations":[{"start":{"line":104,"column":18},"end":{"line":104,"column":28}},{"start":{"line":105,"column":18},"end":{"line":105,"column":30}}],"line":103},"14":{"loc":{"start":{"line":107,"column":13},"end":{"line":111,"column":13}},"type":"binary-expr","locations":[{"start":{"line":107,"column":13},"end":{"line":107,"column":50}},{"start":{"line":108,"column":12},"end":{"line":110,"column":23}}],"line":107}},"s":{"0":0,"1":0,"2":0,"3":0,"4":0,"5":0,"6":0,"7":0},"f":{"0":0,"1":0,"2":0},"b":{"0":[0,0],"1":[0,0],"2":[0,0],"3":[0,0],"4":[0,0],"5":[0,0],"6":[0,0],"7":[0,0,0,0],"8":[0,0],"9":[0,0],"10":[0,0],"11":[0,0],"12":[0,0],"13":[0,0],"14":[0,0]}}
,"/Users/user/Documents/challenge/onda-finance/src/components/CardInfoGenerics/index.ts": {"path":"/Users/user/Documents/challenge/onda-finance/src/components/CardInfoGenerics/index.ts","statementMap":{},"fnMap":{},"branchMap":{},"s":{},"f":{},"b":{}}
,"/Users/user/Documents/challenge/onda-finance/src/components/Form/Form.tsx": {"path":"/Users/user/Documents/challenge/onda-finance/src/components/Form/Form.tsx","statementMap":{"0":{"start":{"line":13,"column":4},"end":{"line":27,"column":6}},"1":{"start":{"line":19,"column":12},"end":{"line":24,"column":14}}},"fnMap":{"0":{"name":"FormTextInput","decl":{"start":{"line":6,"column":16},"end":{"line":6,"column":29}},"loc":{"start":{"line":12,"column":50},"end":{"line":28,"column":1}},"line":12},"1":{"name":"(anonymous_1)","decl":{"start":{"line":18,"column":16},"end":{"line":18,"column":17}},"loc":{"start":{"line":19,"column":12},"end":{"line":24,"column":14}},"line":19}},"branchMap":{"0":{"loc":{"start":{"line":20,"column":19},"end":{"line":20,"column":36}},"type":"binary-expr","locations":[{"start":{"line":20,"column":19},"end":{"line":20,"column":30}},{"start":{"line":20,"column":34},"end":{"line":20,"column":36}}],"line":20},"1":{"loc":{"start":{"line":21,"column":26},"end":{"line":21,"column":46}},"type":"binary-expr","locations":[{"start":{"line":21,"column":26},"end":{"line":21,"column":40}},{"start":{"line":21,"column":44},"end":{"line":21,"column":46}}],"line":21},"2":{"loc":{"start":{"line":22,"column":26},"end":{"line":22,"column":67}},"type":"binary-expr","locations":[{"start":{"line":22,"column":26},"end":{"line":22,"column":51}},{"start":{"line":22,"column":55},"end":{"line":22,"column":67}}],"line":22}},"s":{"0":0,"1":0},"f":{"0":0,"1":0},"b":{"0":[0,0],"1":[0,0],"2":[0,0]}}
,"/Users/user/Documents/challenge/onda-finance/src/components/Form/index.ts": {"path":"/Users/user/Documents/challenge/onda-finance/src/components/Form/index.ts","statementMap":{},"fnMap":{},"branchMap":{},"s":{},"f":{},"b":{}}
,"/Users/user/Documents/challenge/onda-finance/src/components/Icon/Icon.tsx": {"path":"/Users/user/Documents/challenge/onda-finance/src/components/Icon/Icon.tsx","statementMap":{"0":{"start":{"line":24,"column":23},"end":{"line":24,"column":36}},"1":{"start":{"line":26,"column":22},"end":{"line":26,"column":35}},"2":{"start":{"line":29,"column":8},"end":{"line":41,"column":23}},"3":{"start":{"line":43,"column":24},"end":{"line":43,"column":90}},"4":{"start":{"line":45,"column":4},"end":{"line":51,"column":5}},"5":{"start":{"line":46,"column":8},"end":{"line":50,"column":10}},"6":{"start":{"line":53,"column":4},"end":{"line":53,"column":23}}},"fnMap":{"0":{"name":"Icon","decl":{"start":{"line":17,"column":20},"end":{"line":17,"column":24}},"loc":{"start":{"line":23,"column":18},"end":{"line":54,"column":5}},"line":23}},"branchMap":{"0":{"loc":{"start":{"line":19,"column":4},"end":{"line":19,"column":22}},"type":"default-arg","locations":[{"start":{"line":19,"column":13},"end":{"line":19,"column":22}}],"line":19},"1":{"loc":{"start":{"line":20,"column":4},"end":{"line":20,"column":24}},"type":"default-arg","locations":[{"start":{"line":20,"column":12},"end":{"line":20,"column":24}}],"line":20},"2":{"loc":{"start":{"line":21,"column":4},"end":{"line":21,"column":13}},"type":"default-arg","locations":[{"start":{"line":21,"column":11},"end":{"line":21,"column":13}}],"line":21},"3":{"loc":{"start":{"line":29,"column":8},"end":{"line":41,"column":23}},"type":"cond-expr","locations":[{"start":{"line":30,"column":10},"end":{"line":30,"column":18}},{"start":{"line":31,"column":10},"end":{"line":41,"column":23}}],"line":29},"4":{"loc":{"start":{"line":31,"column":10},"end":{"line":41,"column":23}},"type":"cond-expr","locations":[{"start":{"line":32,"column":10},"end":{"line":32,"column":32}},{"start":{"line":33,"column":10},"end":{"line":41,"column":23}}],"line":31},"5":{"loc":{"start":{"line":33,"column":10},"end":{"line":41,"column":23}},"type":"cond-expr","locations":[{"start":{"line":34,"column":10},"end":{"line":34,"column":17}},{"start":{"line":35,"column":10},"end":{"line":41,"column":23}}],"line":33},"6":{"loc":{"start":{"line":35,"column":10},"end":{"line":41,"column":23}},"type":"cond-expr","locations":[{"start":{"line":36,"column":10},"end":{"line":36,"column":22}},{"start":{"line":37,"column":10},"end":{"line":41,"column":23}}],"line":35},"7":{"loc":{"start":{"line":37,"column":10},"end":{"line":41,"column":23}},"type":"cond-expr","locations":[{"start":{"line":38,"column":10},"end":{"line":38,"column":22}},{"start":{"line":39,"column":10},"end":{"line":41,"column":23}}],"line":37},"8":{"loc":{"start":{"line":39,"column":10},"end":{"line":41,"column":23}},"type":"cond-expr","locations":[{"start":{"line":40,"column":10},"end":{"line":40,"column":21}},{"start":{"line":41,"column":10},"end":{"line":41,"column":23}}],"line":39},"9":{"loc":{"start":{"line":45,"column":4},"end":{"line":51,"column":5}},"type":"if","locations":[{"start":{"line":45,"column":4},"end":{"line":51,"column":5}},{"start":{},"end":{}}],"line":45}},"s":{"0":0,"1":0,"2":0,"3":0,"4":0,"5":0,"6":0},"f":{"0":0},"b":{"0":[0],"1":[0],"2":[0],"3":[0,0],"4":[0,0],"5":[0,0],"6":[0,0],"7":[0,0],"8":[0,0],"9":[0,0]}}
,"/Users/user/Documents/challenge/onda-finance/src/components/Icon/index.ts": {"path":"/Users/user/Documents/challenge/onda-finance/src/components/Icon/index.ts","statementMap":{},"fnMap":{},"branchMap":{},"s":{},"f":{},"b":{}}
,"/Users/user/Documents/challenge/onda-finance/src/components/Input/Input.tsx": {"path":"/Users/user/Documents/challenge/onda-finance/src/components/Input/Input.tsx","statementMap":{},"fnMap":{"0":{"name":"Input","decl":{"start":{"line":1,"column":16},"end":{"line":1,"column":21}},"loc":{"start":{"line":1,"column":23},"end":{"line":3,"column":1}},"line":1}},"branchMap":{},"s":{},"f":{"0":0},"b":{}}
,"/Users/user/Documents/challenge/onda-finance/src/components/Input/index.ts": {"path":"/Users/user/Documents/challenge/onda-finance/src/components/Input/index.ts","statementMap":{},"fnMap":{},"branchMap":{},"s":{},"f":{},"b":{}}
,"/Users/user/Documents/challenge/onda-finance/src/components/Screen/Screen.tsx": {"path":"/Users/user/Documents/challenge/onda-finance/src/components/Screen/Screen.tsx","statementMap":{"0":{"start":{"line":28,"column":27},"end":{"line":28,"column":43}},"1":{"start":{"line":29,"column":21},"end":{"line":29,"column":34}},"2":{"start":{"line":30,"column":22},"end":{"line":30,"column":70}},"3":{"start":{"line":31,"column":4},"end":{"line":43,"column":5}}},"fnMap":{"0":{"name":"ScreenOnda","decl":{"start":{"line":18,"column":16},"end":{"line":18,"column":26}},"loc":{"start":{"line":27,"column":16},"end":{"line":45,"column":1}},"line":27}},"branchMap":{"0":{"loc":{"start":{"line":30,"column":22},"end":{"line":30,"column":70}},"type":"cond-expr","locations":[{"start":{"line":30,"column":35},"end":{"line":30,"column":54}},{"start":{"line":30,"column":57},"end":{"line":30,"column":70}}],"line":30},"1":{"loc":{"start":{"line":33,"column":22},"end":{"line":33,"column":67}},"type":"cond-expr","locations":[{"start":{"line":33,"column":46},"end":{"line":33,"column":55}},{"start":{"line":33,"column":58},"end":{"line":33,"column":67}}],"line":33},"2":{"loc":{"start":{"line":36,"column":65},"end":{"line":36,"column":104}},"type":"cond-expr","locations":[{"start":{"line":36,"column":87},"end":{"line":36,"column":96}},{"start":{"line":36,"column":99},"end":{"line":36,"column":104}}],"line":36},"3":{"loc":{"start":{"line":37,"column":21},"end":{"line":37,"column":181}},"type":"binary-expr","locations":[{"start":{"line":37,"column":21},"end":{"line":37,"column":30}},{"start":{"line":37,"column":33},"end":{"line":37,"column":181}}],"line":37},"4":{"loc":{"start":{"line":37,"column":69},"end":{"line":37,"column":108}},"type":"cond-expr","locations":[{"start":{"line":37,"column":91},"end":{"line":37,"column":96}},{"start":{"line":37,"column":99},"end":{"line":37,"column":108}}],"line":37}},"s":{"0":0,"1":0,"2":0,"3":0},"f":{"0":0},"b":{"0":[0,0],"1":[0,0],"2":[0,0],"3":[0,0],"4":[0,0]}}
,"/Users/user/Documents/challenge/onda-finance/src/components/Screen/index.ts": {"path":"/Users/user/Documents/challenge/onda-finance/src/components/Screen/index.ts","statementMap":{},"fnMap":{},"branchMap":{},"s":{},"f":{},"b":{}}
,"/Users/user/Documents/challenge/onda-finance/src/components/Screen/Component_Intern/ScreenContainerOnda.tsx": {"path":"/Users/user/Documents/challenge/onda-finance/src/components/Screen/Component_Intern/ScreenContainerOnda.tsx","statementMap":{"0":{"start":{"line":9,"column":21},"end":{"line":9,"column":36}},"1":{"start":{"line":10,"column":26},"end":{"line":10,"column":52}},"2":{"start":{"line":11,"column":4},"end":{"line":45,"column":9}}},"fnMap":{"0":{"name":"ScreenComponent","decl":{"start":{"line":8,"column":16},"end":{"line":8,"column":31}},"loc":{"start":{"line":8,"column":94},"end":{"line":46,"column":5}},"line":8}},"branchMap":{"0":{"loc":{"start":{"line":10,"column":26},"end":{"line":10,"column":52}},"type":"binary-expr","locations":[{"start":{"line":10,"column":26},"end":{"line":10,"column":32}},{"start":{"line":10,"column":36},"end":{"line":10,"column":52}}],"line":10},"1":{"loc":{"start":{"line":19,"column":9},"end":{"line":40,"column":9}},"type":"binary-expr","locations":[{"start":{"line":19,"column":9},"end":{"line":19,"column":18}},{"start":{"line":20,"column":12},"end":{"line":39,"column":35}}],"line":19},"2":{"loc":{"start":{"line":26,"column":16},"end":{"line":26,"column":49}},"type":"cond-expr","locations":[{"start":{"line":26,"column":32},"end":{"line":26,"column":37}},{"start":{"line":26,"column":40},"end":{"line":26,"column":49}}],"line":26},"3":{"loc":{"start":{"line":34,"column":13},"end":{"line":38,"column":13}},"type":"binary-expr","locations":[{"start":{"line":34,"column":13},"end":{"line":34,"column":27}},{"start":{"line":35,"column":16},"end":{"line":37,"column":23}}],"line":34},"4":{"loc":{"start":{"line":42,"column":9},"end":{"line":42,"column":66}},"type":"binary-expr","locations":[{"start":{"line":42,"column":9},"end":{"line":42,"column":14}},{"start":{"line":42,"column":18},"end":{"line":42,"column":66}}],"line":42},"5":{"loc":{"start":{"line":43,"column":9},"end":{"line":43,"column":41}},"type":"binary-expr","locations":[{"start":{"line":43,"column":9},"end":{"line":43,"column":14}},{"start":{"line":43,"column":18},"end":{"line":43,"column":41}}],"line":43}},"s":{"0":0,"1":0,"2":0},"f":{"0":0},"b":{"0":[0,0],"1":[0,0],"2":[0,0],"3":[0,0],"4":[0,0],"5":[0,0]}}
,"/Users/user/Documents/challenge/onda-finance/src/components/ScrolViewContainerOnda/ScrolViewContainerOnda.tsx": {"path":"/Users/user/Documents/challenge/onda-finance/src/components/ScrolViewContainerOnda/ScrolViewContainerOnda.tsx","statementMap":{"0":{"start":{"line":10,"column":4},"end":{"line":14,"column":6}},"1":{"start":{"line":18,"column":4},"end":{"line":18,"column":69}}},"fnMap":{"0":{"name":"ScrollViewContainer","decl":{"start":{"line":9,"column":16},"end":{"line":9,"column":35}},"loc":{"start":{"line":9,"column":71},"end":{"line":15,"column":1}},"line":9},"1":{"name":"ViewContainer","decl":{"start":{"line":17,"column":16},"end":{"line":17,"column":29}},"loc":{"start":{"line":17,"column":65},"end":{"line":19,"column":1}},"line":17}},"branchMap":{},"s":{"0":0,"1":0},"f":{"0":0,"1":0},"b":{}}
,"/Users/user/Documents/challenge/onda-finance/src/components/ScrolViewContainerOnda/index.ts": {"path":"/Users/user/Documents/challenge/onda-finance/src/components/ScrolViewContainerOnda/index.ts","statementMap":{},"fnMap":{},"branchMap":{},"s":{},"f":{},"b":{}}
,"/Users/user/Documents/challenge/onda-finance/src/components/Text/Text.tsx": {"path":"/Users/user/Documents/challenge/onda-finance/src/components/Text/Text.tsx","statementMap":{"0":{"start":{"line":11,"column":19},"end":{"line":11,"column":38}},"1":{"start":{"line":31,"column":23},"end":{"line":31,"column":68}},"2":{"start":{"line":32,"column":4},"end":{"line":39,"column":6}},"3":{"start":{"line":48,"column":4},"end":{"line":54,"column":5}},"4":{"start":{"line":53,"column":8},"end":{"line":53,"column":66}},"5":{"start":{"line":55,"column":4},"end":{"line":68,"column":5}},"6":{"start":{"line":57,"column":8},"end":{"line":57,"column":38}},"7":{"start":{"line":59,"column":8},"end":{"line":59,"column":32}},"8":{"start":{"line":61,"column":8},"end":{"line":61,"column":34}},"9":{"start":{"line":63,"column":8},"end":{"line":63,"column":40}},"10":{"start":{"line":65,"column":8},"end":{"line":65,"column":34}},"11":{"start":{"line":67,"column":8},"end":{"line":67,"column":35}},"12":{"start":{"line":82,"column":63},"end":{"line":93,"column":1}},"13":{"start":{"line":95,"column":27},"end":{"line":106,"column":1}}},"fnMap":{"0":{"name":"Text","decl":{"start":{"line":22,"column":16},"end":{"line":22,"column":20}},"loc":{"start":{"line":30,"column":13},"end":{"line":40,"column":1}},"line":30},"1":{"name":"getFontFamily","decl":{"start":{"line":42,"column":9},"end":{"line":42,"column":22}},"loc":{"start":{"line":47,"column":6},"end":{"line":70,"column":1}},"line":47}},"branchMap":{"0":{"loc":{"start":{"line":24,"column":4},"end":{"line":24,"column":30}},"type":"default-arg","locations":[{"start":{"line":24,"column":13},"end":{"line":24,"column":30}}],"line":24},"1":{"loc":{"start":{"line":48,"column":4},"end":{"line":54,"column":5}},"type":"if","locations":[{"start":{"line":48,"column":4},"end":{"line":54,"column":5}},{"start":{},"end":{}}],"line":48},"2":{"loc":{"start":{"line":49,"column":8},"end":{"line":51,"column":33}},"type":"binary-expr","locations":[{"start":{"line":49,"column":8},"end":{"line":49,"column":33}},{"start":{"line":50,"column":8},"end":{"line":50,"column":34}},{"start":{"line":51,"column":8},"end":{"line":51,"column":33}}],"line":49},"3":{"loc":{"start":{"line":53,"column":15},"end":{"line":53,"column":65}},"type":"cond-expr","locations":[{"start":{"line":53,"column":24},"end":{"line":53,"column":46}},{"start":{"line":53,"column":49},"end":{"line":53,"column":65}}],"line":53},"4":{"loc":{"start":{"line":55,"column":4},"end":{"line":68,"column":5}},"type":"switch","locations":[{"start":{"line":56,"column":8},"end":{"line":57,"column":38}},{"start":{"line":58,"column":8},"end":{"line":59,"column":32}},{"start":{"line":60,"column":8},"end":{"line":61,"column":34}},{"start":{"line":62,"column":8},"end":{"line":63,"column":40}},{"start":{"line":64,"column":8},"end":{"line":65,"column":34}},{"start":{"line":66,"column":8},"end":{"line":67,"column":35}}],"line":55},"5":{"loc":{"start":{"line":56,"column":13},"end":{"line":56,"column":27}},"type":"binary-expr","locations":[{"start":{"line":56,"column":13},"end":{"line":56,"column":17}},{"start":{"line":56,"column":21},"end":{"line":56,"column":27}}],"line":56},"6":{"loc":{"start":{"line":62,"column":13},"end":{"line":62,"column":31}},"type":"binary-expr","locations":[{"start":{"line":62,"column":13},"end":{"line":62,"column":21}},{"start":{"line":62,"column":25},"end":{"line":62,"column":31}}],"line":62}},"s":{"0":0,"1":0,"2":0,"3":0,"4":0,"5":0,"6":0,"7":0,"8":0,"9":0,"10":0,"11":0,"12":0,"13":0},"f":{"0":0,"1":0},"b":{"0":[0],"1":[0,0],"2":[0,0,0],"3":[0,0],"4":[0,0,0,0,0,0],"5":[0,0],"6":[0,0]}}
,"/Users/user/Documents/challenge/onda-finance/src/components/Text/index.ts": {"path":"/Users/user/Documents/challenge/onda-finance/src/components/Text/index.ts","statementMap":{},"fnMap":{},"branchMap":{},"s":{},"f":{},"b":{}}
,"/Users/user/Documents/challenge/onda-finance/src/components/TextInput/TextInput.tsx": {"path":"/Users/user/Documents/challenge/onda-finance/src/components/TextInput/TextInput.tsx","statementMap":{"0":{"start":{"line":23,"column":27},"end":{"line":23,"column":40}},"1":{"start":{"line":24,"column":25},"end":{"line":24,"column":56}},"2":{"start":{"line":26,"column":51},"end":{"line":32,"column":9}},"3":{"start":{"line":35,"column":12},"end":{"line":35,"column":38}},"4":{"start":{"line":37,"column":8},"end":{"line":59,"column":9}},"5":{"start":{"line":63,"column":46},"end":{"line":70,"column":5}}},"fnMap":{"0":{"name":"TextInput","decl":{"start":{"line":22,"column":21},"end":{"line":22,"column":30}},"loc":{"start":{"line":22,"column":119},"end":{"line":60,"column":5}},"line":22},"1":{"name":"focusInput","decl":{"start":{"line":34,"column":17},"end":{"line":34,"column":27}},"loc":{"start":{"line":34,"column":30},"end":{"line":36,"column":9}},"line":34}},"branchMap":{"0":{"loc":{"start":{"line":27,"column":21},"end":{"line":27,"column":41}},"type":"cond-expr","locations":[{"start":{"line":27,"column":36},"end":{"line":27,"column":37}},{"start":{"line":27,"column":40},"end":{"line":27,"column":41}}],"line":27},"1":{"loc":{"start":{"line":29,"column":21},"end":{"line":29,"column":53}},"type":"cond-expr","locations":[{"start":{"line":29,"column":36},"end":{"line":29,"column":43}},{"start":{"line":29,"column":46},"end":{"line":29,"column":53}}],"line":29},"2":{"loc":{"start":{"line":40,"column":13},"end":{"line":44,"column":13}},"type":"binary-expr","locations":[{"start":{"line":40,"column":13},"end":{"line":40,"column":18}},{"start":{"line":41,"column":12},"end":{"line":43,"column":23}}],"line":40}},"s":{"0":0,"1":0,"2":0,"3":0,"4":0,"5":0},"f":{"0":0,"1":0},"b":{"0":[0,0],"1":[0,0],"2":[0,0]}}
,"/Users/user/Documents/challenge/onda-finance/src/components/TextInput/index.ts": {"path":"/Users/user/Documents/challenge/onda-finance/src/components/TextInput/index.ts","statementMap":{},"fnMap":{},"branchMap":{},"s":{},"f":{},"b":{}}
,"/Users/user/Documents/challenge/onda-finance/src/hooks/index.ts": {"path":"/Users/user/Documents/challenge/onda-finance/src/hooks/index.ts","statementMap":{},"fnMap":{},"branchMap":{},"s":{},"f":{},"b":{}}
,"/Users/user/Documents/challenge/onda-finance/src/hooks/useAppSafeAreaView.tsx": {"path":"/Users/user/Documents/challenge/onda-finance/src/hooks/useAppSafeAreaView.tsx","statementMap":{"0":{"start":{"line":5,"column":28},"end":{"line":5,"column":47}},"1":{"start":{"line":6,"column":24},"end":{"line":6,"column":37}},"2":{"start":{"line":7,"column":4},"end":{"line":10,"column":6}}},"fnMap":{"0":{"name":"useAppSafeArea","decl":{"start":{"line":4,"column":16},"end":{"line":4,"column":30}},"loc":{"start":{"line":4,"column":32},"end":{"line":11,"column":1}},"line":4}},"branchMap":{},"s":{"0":0,"1":0,"2":0},"f":{"0":0},"b":{}}
,"/Users/user/Documents/challenge/onda-finance/src/hooks/useAppThemeOnda.tsx": {"path":"/Users/user/Documents/challenge/onda-finance/src/hooks/useAppThemeOnda.tsx","statementMap":{"0":{"start":{"line":5,"column":4},"end":{"line":5,"column":29}}},"fnMap":{"0":{"name":"useAppTheme","decl":{"start":{"line":4,"column":16},"end":{"line":4,"column":27}},"loc":{"start":{"line":4,"column":30},"end":{"line":6,"column":1}},"line":4}},"branchMap":{},"s":{"0":0},"f":{"0":0},"b":{}}
,"/Users/user/Documents/challenge/onda-finance/src/navigation/AppStack.tsx": {"path":"/Users/user/Documents/challenge/onda-finance/src/navigation/AppStack.tsx","statementMap":{"0":{"start":{"line":13,"column":14},"end":{"line":13,"column":61}},"1":{"start":{"line":20,"column":4},"end":{"line":28,"column":5}}},"fnMap":{"0":{"name":"AppStack","decl":{"start":{"line":19,"column":16},"end":{"line":19,"column":24}},"loc":{"start":{"line":19,"column":71},"end":{"line":29,"column":1}},"line":19}},"branchMap":{"0":{"loc":{"start":{"line":19,"column":26},"end":{"line":19,"column":62}},"type":"default-arg","locations":[{"start":{"line":19,"column":45},"end":{"line":19,"column":62}}],"line":19}},"s":{"0":0,"1":0},"f":{"0":0},"b":{"0":[0]}}
,"/Users/user/Documents/challenge/onda-finance/src/navigation/AuthStack.tsx": {"path":"/Users/user/Documents/challenge/onda-finance/src/navigation/AuthStack.tsx","statementMap":{"0":{"start":{"line":11,"column":14},"end":{"line":11,"column":68}},"1":{"start":{"line":14,"column":4},"end":{"line":21,"column":5}}},"fnMap":{"0":{"name":"AuthStack","decl":{"start":{"line":13,"column":16},"end":{"line":13,"column":25}},"loc":{"start":{"line":13,"column":27},"end":{"line":22,"column":1}},"line":13}},"branchMap":{},"s":{"0":0,"1":0},"f":{"0":0},"b":{}}
,"/Users/user/Documents/challenge/onda-finance/src/navigation/TabNavigation.tsx": {"path":"/Users/user/Documents/challenge/onda-finance/src/navigation/TabNavigation.tsx","statementMap":{"0":{"start":{"line":15,"column":17},"end":{"line":15,"column":70}},"1":{"start":{"line":18,"column":8},"end":{"line":53,"column":6}},"2":{"start":{"line":19,"column":56},"end":{"line":47,"column":9}},"3":{"start":{"line":31,"column":16},"end":{"line":44,"column":17}},"4":{"start":{"line":33,"column":20},"end":{"line":33,"column":46}},"5":{"start":{"line":34,"column":20},"end":{"line":34,"column":26}},"6":{"start":{"line":36,"column":20},"end":{"line":36,"column":51}},"7":{"start":{"line":37,"column":20},"end":{"line":37,"column":26}},"8":{"start":{"line":39,"column":20},"end":{"line":39,"column":57}},"9":{"start":{"line":40,"column":20},"end":{"line":40,"column":26}},"10":{"start":{"line":42,"column":20},"end":{"line":42,"column":50}},"11":{"start":{"line":43,"column":20},"end":{"line":43,"column":26}},"12":{"start":{"line":45,"column":16},"end":{"line":45,"column":139}}},"fnMap":{"0":{"name":"AppTabNavigation","decl":{"start":{"line":17,"column":16},"end":{"line":17,"column":32}},"loc":{"start":{"line":17,"column":34},"end":{"line":54,"column":1}},"line":17},"1":{"name":"(anonymous_1)","decl":{"start":{"line":19,"column":43},"end":{"line":19,"column":44}},"loc":{"start":{"line":19,"column":56},"end":{"line":47,"column":9}},"line":19},"2":{"name":"(anonymous_2)","decl":{"start":{"line":29,"column":24},"end":{"line":29,"column":25}},"loc":{"start":{"line":29,"column":43},"end":{"line":46,"column":13}},"line":29}},"branchMap":{"0":{"loc":{"start":{"line":31,"column":16},"end":{"line":44,"column":17}},"type":"switch","locations":[{"start":{"line":32,"column":20},"end":{"line":34,"column":26}},{"start":{"line":35,"column":20},"end":{"line":37,"column":26}},{"start":{"line":38,"column":20},"end":{"line":40,"column":26}},{"start":{"line":41,"column":20},"end":{"line":43,"column":26}}],"line":31},"1":{"loc":{"start":{"line":45,"column":82},"end":{"line":45,"column":135}},"type":"cond-expr","locations":[{"start":{"line":45,"column":117},"end":{"line":45,"column":125}},{"start":{"line":45,"column":128},"end":{"line":45,"column":135}}],"line":45}},"s":{"0":0,"1":0,"2":0,"3":0,"4":0,"5":0,"6":0,"7":0,"8":0,"9":0,"10":0,"11":0,"12":0},"f":{"0":0,"1":0,"2":0},"b":{"0":[0,0,0,0],"1":[0,0]}}
,"/Users/user/Documents/challenge/onda-finance/src/navigation/index.ts": {"path":"/Users/user/Documents/challenge/onda-finance/src/navigation/index.ts","statementMap":{},"fnMap":{},"branchMap":{},"s":{},"f":{},"b":{}}
,"/Users/user/Documents/challenge/onda-finance/src/navigation/typesNavigation.ts": {"path":"/Users/user/Documents/challenge/onda-finance/src/navigation/typesNavigation.ts","statementMap":{},"fnMap":{},"branchMap":{},"s":{},"f":{},"b":{}}
,"/Users/user/Documents/challenge/onda-finance/src/routes/RootNavigation.tsx": {"path":"/Users/user/Documents/challenge/onda-finance/src/routes/RootNavigation.tsx","statementMap":{"0":{"start":{"line":8,"column":14},"end":{"line":8,"column":62}},"1":{"start":{"line":11,"column":32},"end":{"line":11,"column":46}},"2":{"start":{"line":12,"column":4},"end":{"line":23,"column":5}}},"fnMap":{"0":{"name":"AppStackRouter","decl":{"start":{"line":10,"column":16},"end":{"line":10,"column":30}},"loc":{"start":{"line":10,"column":32},"end":{"line":24,"column":1}},"line":10}},"branchMap":{"0":{"loc":{"start":{"line":15,"column":16},"end":{"line":19,"column":17}},"type":"cond-expr","locations":[{"start":{"line":16,"column":20},"end":{"line":16,"column":81}},{"start":{"line":18,"column":20},"end":{"line":18,"column":84}}],"line":15}},"s":{"0":0,"1":0,"2":0},"f":{"0":0},"b":{"0":[0,0]}}
,"/Users/user/Documents/challenge/onda-finance/src/routes/index.ts": {"path":"/Users/user/Documents/challenge/onda-finance/src/routes/index.ts","statementMap":{},"fnMap":{},"branchMap":{},"s":{},"f":{},"b":{}}
,"/Users/user/Documents/challenge/onda-finance/src/screens/index.ts": {"path":"/Users/user/Documents/challenge/onda-finance/src/screens/index.ts","statementMap":{},"fnMap":{},"branchMap":{},"s":{},"f":{},"b":{}}
,"/Users/user/Documents/challenge/onda-finance/src/screens/Auth/BioFaceIDScreen/BioFaceIDScreen.tsx": {"path":"/Users/user/Documents/challenge/onda-finance/src/screens/Auth/BioFaceIDScreen/BioFaceIDScreen.tsx","statementMap":{"0":{"start":{"line":9,"column":20},"end":{"line":9,"column":34}},"1":{"start":{"line":10,"column":58},"end":{"line":10,"column":73}},"2":{"start":{"line":11,"column":44},"end":{"line":11,"column":64}},"3":{"start":{"line":13,"column":2},"end":{"line":15,"column":9}},"4":{"start":{"line":14,"column":4},"end":{"line":14,"column":28}},"5":{"start":{"line":17,"column":32},"end":{"line":35,"column":3}},"6":{"start":{"line":18,"column":23},"end":{"line":18,"column":67}},"7":{"start":{"line":19,"column":4},"end":{"line":19,"column":40}},"8":{"start":{"line":21,"column":4},"end":{"line":34,"column":5}},"9":{"start":{"line":22,"column":23},"end":{"line":22,"column":66}},"10":{"start":{"line":23,"column":6},"end":{"line":33,"column":7}},"11":{"start":{"line":24,"column":22},"end":{"line":24,"column":83}},"12":{"start":{"line":26,"column":8},"end":{"line":32,"column":9}},"13":{"start":{"line":27,"column":10},"end":{"line":27,"column":38}},"14":{"start":{"line":28,"column":15},"end":{"line":32,"column":9}},"15":{"start":{"line":29,"column":10},"end":{"line":29,"column":38}},"16":{"start":{"line":31,"column":10},"end":{"line":31,"column":40}},"17":{"start":{"line":37,"column":30},"end":{"line":75,"column":3}},"18":{"start":{"line":38,"column":4},"end":{"line":74,"column":5}},"19":{"start":{"line":39,"column":23},"end":{"line":39,"column":66}},"20":{"start":{"line":41,"column":6},"end":{"line":48,"column":7}},"21":{"start":{"line":42,"column":8},"end":{"line":46,"column":10}},"22":{"start":{"line":47,"column":8},"end":{"line":47,"column":15}},"23":{"start":{"line":50,"column":21},"end":{"line":55,"column":8}},"24":{"start":{"line":57,"column":6},"end":{"line":70,"column":7}},"25":{"start":{"line":58,"column":8},"end":{"line":58,"column":44}},"26":{"start":{"line":59,"column":8},"end":{"line":59,"column":16}},"27":{"start":{"line":61,"column":8},"end":{"line":69,"column":9}},"28":{"start":{"line":62,"column":10},"end":{"line":62,"column":57}},"29":{"start":{"line":63,"column":15},"end":{"line":69,"column":9}},"30":{"start":{"line":64,"column":10},"end":{"line":68,"column":12}},"31":{"start":{"line":72,"column":6},"end":{"line":72,"column":63}},"32":{"start":{"line":73,"column":6},"end":{"line":73,"column":77}},"33":{"start":{"line":77,"column":34},"end":{"line":79,"column":3}},"34":{"start":{"line":78,"column":4},"end":{"line":78,"column":24}},"35":{"start":{"line":81,"column":21},"end":{"line":84,"column":3}},"36":{"start":{"line":82,"column":4},"end":{"line":82,"column":35}},"37":{"start":{"line":83,"column":4},"end":{"line":83,"column":12}},"38":{"start":{"line":86,"column":2},"end":{"line":121,"column":4}}},"fnMap":{"0":{"name":"FaceIDScreen","decl":{"start":{"line":8,"column":16},"end":{"line":8,"column":28}},"loc":{"start":{"line":8,"column":31},"end":{"line":122,"column":1}},"line":8},"1":{"name":"(anonymous_1)","decl":{"start":{"line":13,"column":12},"end":{"line":13,"column":13}},"loc":{"start":{"line":13,"column":18},"end":{"line":15,"column":3}},"line":13},"2":{"name":"(anonymous_2)","decl":{"start":{"line":17,"column":32},"end":{"line":17,"column":33}},"loc":{"start":{"line":17,"column":44},"end":{"line":35,"column":3}},"line":17},"3":{"name":"(anonymous_3)","decl":{"start":{"line":37,"column":30},"end":{"line":37,"column":31}},"loc":{"start":{"line":37,"column":42},"end":{"line":75,"column":3}},"line":37},"4":{"name":"(anonymous_4)","decl":{"start":{"line":77,"column":34},"end":{"line":77,"column":35}},"loc":{"start":{"line":77,"column":62},"end":{"line":79,"column":3}},"line":77},"5":{"name":"(anonymous_5)","decl":{"start":{"line":81,"column":21},"end":{"line":81,"column":22}},"loc":{"start":{"line":81,"column":27},"end":{"line":84,"column":3}},"line":81}},"branchMap":{"0":{"loc":{"start":{"line":21,"column":4},"end":{"line":34,"column":5}},"type":"if","locations":[{"start":{"line":21,"column":4},"end":{"line":34,"column":5}},{"start":{},"end":{}}],"line":21},"1":{"loc":{"start":{"line":23,"column":6},"end":{"line":33,"column":7}},"type":"if","locations":[{"start":{"line":23,"column":6},"end":{"line":33,"column":7}},{"start":{},"end":{}}],"line":23},"2":{"loc":{"start":{"line":26,"column":8},"end":{"line":32,"column":9}},"type":"if","locations":[{"start":{"line":26,"column":8},"end":{"line":32,"column":9}},{"start":{"line":28,"column":15},"end":{"line":32,"column":9}}],"line":26},"3":{"loc":{"start":{"line":28,"column":15},"end":{"line":32,"column":9}},"type":"if","locations":[{"start":{"line":28,"column":15},"end":{"line":32,"column":9}},{"start":{"line":30,"column":15},"end":{"line":32,"column":9}}],"line":28},"4":{"loc":{"start":{"line":41,"column":6},"end":{"line":48,"column":7}},"type":"if","locations":[{"start":{"line":41,"column":6},"end":{"line":48,"column":7}},{"start":{},"end":{}}],"line":41},"5":{"loc":{"start":{"line":57,"column":6},"end":{"line":70,"column":7}},"type":"if","locations":[{"start":{"line":57,"column":6},"end":{"line":70,"column":7}},{"start":{"line":60,"column":13},"end":{"line":70,"column":7}}],"line":57},"6":{"loc":{"start":{"line":61,"column":8},"end":{"line":69,"column":9}},"type":"if","locations":[{"start":{"line":61,"column":8},"end":{"line":69,"column":9}},{"start":{"line":63,"column":15},"end":{"line":69,"column":9}}],"line":61},"7":{"loc":{"start":{"line":63,"column":15},"end":{"line":69,"column":9}},"type":"if","locations":[{"start":{"line":63,"column":15},"end":{"line":69,"column":9}},{"start":{},"end":{}}],"line":63},"8":{"loc":{"start":{"line":91,"column":16},"end":{"line":91,"column":68}},"type":"cond-expr","locations":[{"start":{"line":91,"column":39},"end":{"line":91,"column":52}},{"start":{"line":91,"column":55},"end":{"line":91,"column":68}}],"line":91},"9":{"loc":{"start":{"line":99,"column":18},"end":{"line":99,"column":46}},"type":"binary-expr","locations":[{"start":{"line":99,"column":18},"end":{"line":99,"column":31}},{"start":{"line":99,"column":35},"end":{"line":99,"column":46}}],"line":99},"10":{"loc":{"start":{"line":102,"column":19},"end":{"line":102,"column":61}},"type":"binary-expr","locations":[{"start":{"line":102,"column":19},"end":{"line":102,"column":46}},{"start":{"line":102,"column":50},"end":{"line":102,"column":61}}],"line":102},"11":{"loc":{"start":{"line":108,"column":27},"end":{"line":108,"column":55}},"type":"binary-expr","locations":[{"start":{"line":108,"column":27},"end":{"line":108,"column":40}},{"start":{"line":108,"column":44},"end":{"line":108,"column":55}}],"line":108}},"s":{"0":0,"1":0,"2":0,"3":0,"4":0,"5":0,"6":0,"7":0,"8":0,"9":0,"10":0,"11":0,"12":0,"13":0,"14":0,"15":0,"16":0,"17":0,"18":0,"19":0,"20":0,"21":0,"22":0,"23":0,"24":0,"25":0,"26":0,"27":0,"28":0,"29":0,"30":0,"31":0,"32":0,"33":0,"34":0,"35":0,"36":0,"37":0,"38":0},"f":{"0":0,"1":0,"2":0,"3":0,"4":0,"5":0},"b":{"0":[0,0],"1":[0,0],"2":[0,0],"3":[0,0],"4":[0,0],"5":[0,0],"6":[0,0],"7":[0,0],"8":[0,0],"9":[0,0],"10":[0,0],"11":[0,0]}}
,"/Users/user/Documents/challenge/onda-finance/src/screens/Auth/OnboardingScreen/OnboardingScreen.tsx": {"path":"/Users/user/Documents/challenge/onda-finance/src/screens/Auth/OnboardingScreen/OnboardingScreen.tsx","statementMap":{"0":{"start":{"line":8,"column":2},"end":{"line":22,"column":3}},"1":{"start":{"line":18,"column":92},"end":{"line":18,"column":124}}},"fnMap":{"0":{"name":"OnboardingScreen","decl":{"start":{"line":7,"column":16},"end":{"line":7,"column":32}},"loc":{"start":{"line":7,"column":78},"end":{"line":23,"column":1}},"line":7},"1":{"name":"(anonymous_1)","decl":{"start":{"line":18,"column":87},"end":{"line":18,"column":88}},"loc":{"start":{"line":18,"column":92},"end":{"line":18,"column":124}},"line":18}},"branchMap":{},"s":{"0":0,"1":0},"f":{"0":0,"1":0},"b":{}}
,"/Users/user/Documents/challenge/onda-finance/src/screens/Auth/PinCreateScreen/PinCreateScreen.tsx": {"path":"/Users/user/Documents/challenge/onda-finance/src/screens/Auth/PinCreateScreen/PinCreateScreen.tsx","statementMap":{"0":{"start":{"line":10,"column":17},"end":{"line":10,"column":48}},"1":{"start":{"line":11,"column":30},"end":{"line":11,"column":74}},"2":{"start":{"line":12,"column":32},"end":{"line":12,"column":50}},"3":{"start":{"line":13,"column":36},"end":{"line":13,"column":57}},"4":{"start":{"line":15,"column":31},"end":{"line":61,"column":35}},"5":{"start":{"line":16,"column":4},"end":{"line":60,"column":5}},"6":{"start":{"line":17,"column":6},"end":{"line":17,"column":25}},"7":{"start":{"line":18,"column":6},"end":{"line":18,"column":26}},"8":{"start":{"line":19,"column":6},"end":{"line":19,"column":25}},"9":{"start":{"line":20,"column":6},"end":{"line":20,"column":30}},"10":{"start":{"line":22,"column":6},"end":{"line":59,"column":7}},"11":{"start":{"line":23,"column":8},"end":{"line":23,"column":27}},"12":{"start":{"line":24,"column":8},"end":{"line":44,"column":9}},"13":{"start":{"line":25,"column":10},"end":{"line":25,"column":68}},"14":{"start":{"line":25,"column":41},"end":{"line":25,"column":66}},"15":{"start":{"line":26,"column":10},"end":{"line":26,"column":51}},"16":{"start":{"line":27,"column":10},"end":{"line":36,"column":12}},"17":{"start":{"line":33,"column":31},"end":{"line":33,"column":63}},"18":{"start":{"line":38,"column":10},"end":{"line":38,"column":66}},"19":{"start":{"line":39,"column":10},"end":{"line":39,"column":30}},"20":{"start":{"line":40,"column":10},"end":{"line":40,"column":34}},"21":{"start":{"line":41,"column":10},"end":{"line":41,"column":28}},"22":{"start":{"line":43,"column":10},"end":{"line":43,"column":29}},"23":{"start":{"line":46,"column":8},"end":{"line":58,"column":10}},"24":{"start":{"line":53,"column":16},"end":{"line":53,"column":36}},"25":{"start":{"line":54,"column":16},"end":{"line":54,"column":40}},"26":{"start":{"line":63,"column":16},"end":{"line":63,"column":67}},"27":{"start":{"line":65,"column":4},"end":{"line":67,"column":49}},"28":{"start":{"line":69,"column":2},"end":{"line":102,"column":4}},"29":{"start":{"line":85,"column":35},"end":{"line":85,"column":61}}},"fnMap":{"0":{"name":"PinCreateScreen","decl":{"start":{"line":9,"column":16},"end":{"line":9,"column":31}},"loc":{"start":{"line":9,"column":78},"end":{"line":103,"column":1}},"line":9},"1":{"name":"(anonymous_1)","decl":{"start":{"line":15,"column":49},"end":{"line":15,"column":50}},"loc":{"start":{"line":15,"column":76},"end":{"line":61,"column":3}},"line":15},"2":{"name":"(anonymous_2)","decl":{"start":{"line":25,"column":28},"end":{"line":25,"column":29}},"loc":{"start":{"line":25,"column":41},"end":{"line":25,"column":66}},"line":25},"3":{"name":"(anonymous_3)","decl":{"start":{"line":33,"column":25},"end":{"line":33,"column":26}},"loc":{"start":{"line":33,"column":31},"end":{"line":33,"column":63}},"line":33},"4":{"name":"(anonymous_4)","decl":{"start":{"line":52,"column":23},"end":{"line":52,"column":24}},"loc":{"start":{"line":52,"column":29},"end":{"line":55,"column":15}},"line":52},"5":{"name":"(anonymous_5)","decl":{"start":{"line":85,"column":25},"end":{"line":85,"column":26}},"loc":{"start":{"line":85,"column":35},"end":{"line":85,"column":61}},"line":85}},"branchMap":{"0":{"loc":{"start":{"line":16,"column":4},"end":{"line":60,"column":5}},"type":"if","locations":[{"start":{"line":16,"column":4},"end":{"line":60,"column":5}},{"start":{"line":21,"column":11},"end":{"line":60,"column":5}}],"line":16},"1":{"loc":{"start":{"line":22,"column":6},"end":{"line":59,"column":7}},"type":"if","locations":[{"start":{"line":22,"column":6},"end":{"line":59,"column":7}},{"start":{"line":45,"column":13},"end":{"line":59,"column":7}}],"line":22},"2":{"loc":{"start":{"line":63,"column":16},"end":{"line":63,"column":67}},"type":"cond-expr","locations":[{"start":{"line":63,"column":38},"end":{"line":63,"column":49}},{"start":{"line":63,"column":52},"end":{"line":63,"column":67}}],"line":63},"3":{"loc":{"start":{"line":65,"column":4},"end":{"line":67,"column":49}},"type":"cond-expr","locations":[{"start":{"line":66,"column":8},"end":{"line":66,"column":58}},{"start":{"line":67,"column":8},"end":{"line":67,"column":49}}],"line":65},"4":{"loc":{"start":{"line":76,"column":9},"end":{"line":99,"column":9}},"type":"cond-expr","locations":[{"start":{"line":77,"column":10},"end":{"line":77,"column":75}},{"start":{"line":79,"column":10},"end":{"line":98,"column":12}}],"line":76}},"s":{"0":0,"1":0,"2":0,"3":0,"4":0,"5":0,"6":0,"7":0,"8":0,"9":0,"10":0,"11":0,"12":0,"13":0,"14":0,"15":0,"16":0,"17":0,"18":0,"19":0,"20":0,"21":0,"22":0,"23":0,"24":0,"25":0,"26":0,"27":0,"28":0,"29":0},"f":{"0":0,"1":0,"2":0,"3":0,"4":0,"5":0},"b":{"0":[0,0],"1":[0,0],"2":[0,0],"3":[0,0],"4":[0,0]}}
,"/Users/user/Documents/challenge/onda-finance/src/screens/SignIn/DashboardScreen/DashboardScreen.tsx": {"path":"/Users/user/Documents/challenge/onda-finance/src/screens/SignIn/DashboardScreen/DashboardScreen.tsx","statementMap":{"0":{"start":{"line":19,"column":36},"end":{"line":31,"column":3}},"1":{"start":{"line":20,"column":4},"end":{"line":30,"column":5}},"2":{"start":{"line":22,"column":8},"end":{"line":22,"column":38}},"3":{"start":{"line":23,"column":8},"end":{"line":23,"column":14}},"4":{"start":{"line":25,"column":8},"end":{"line":25,"column":39}},"5":{"start":{"line":26,"column":8},"end":{"line":26,"column":14}},"6":{"start":{"line":28,"column":8},"end":{"line":28,"column":44}},"7":{"start":{"line":29,"column":8},"end":{"line":29,"column":14}},"8":{"start":{"line":33,"column":21},"end":{"line":33,"column":40}},"9":{"start":{"line":35,"column":30},"end":{"line":37,"column":7}},"10":{"start":{"line":36,"column":4},"end":{"line":36,"column":46}},"11":{"start":{"line":41,"column":2},"end":{"line":47,"column":9}},"12":{"start":{"line":42,"column":4},"end":{"line":42,"column":28}},"13":{"start":{"line":44,"column":4},"end":{"line":46,"column":6}},"14":{"start":{"line":45,"column":6},"end":{"line":45,"column":33}},"15":{"start":{"line":50,"column":4},"end":{"line":50,"column":76}},"16":{"start":{"line":53,"column":2},"end":{"line":128,"column":4}},"17":{"start":{"line":105,"column":12},"end":{"line":112,"column":14}},"18":{"start":{"line":111,"column":29},"end":{"line":111,"column":64}},"19":{"start":{"line":120,"column":34},"end":{"line":120,"column":41}},"20":{"start":{"line":123,"column":12},"end":{"line":123,"column":79}}},"fnMap":{"0":{"name":"DashboardScreen","decl":{"start":{"line":18,"column":16},"end":{"line":18,"column":31}},"loc":{"start":{"line":18,"column":78},"end":{"line":129,"column":1}},"line":18},"1":{"name":"(anonymous_1)","decl":{"start":{"line":19,"column":36},"end":{"line":19,"column":37}},"loc":{"start":{"line":19,"column":52},"end":{"line":31,"column":3}},"line":19},"2":{"name":"(anonymous_2)","decl":{"start":{"line":35,"column":44},"end":{"line":35,"column":45}},"loc":{"start":{"line":35,"column":60},"end":{"line":37,"column":3}},"line":35},"3":{"name":"(anonymous_3)","decl":{"start":{"line":41,"column":18},"end":{"line":41,"column":19}},"loc":{"start":{"line":41,"column":24},"end":{"line":47,"column":3}},"line":41},"4":{"name":"(anonymous_4)","decl":{"start":{"line":44,"column":11},"end":{"line":44,"column":12}},"loc":{"start":{"line":44,"column":17},"end":{"line":46,"column":5}},"line":44},"5":{"name":"renderItem","decl":{"start":{"line":49,"column":11},"end":{"line":49,"column":21}},"loc":{"start":{"line":49,"column":37},"end":{"line":51,"column":3}},"line":49},"6":{"name":"(anonymous_6)","decl":{"start":{"line":104,"column":39},"end":{"line":104,"column":40}},"loc":{"start":{"line":105,"column":12},"end":{"line":112,"column":14}},"line":105},"7":{"name":"(anonymous_7)","decl":{"start":{"line":111,"column":23},"end":{"line":111,"column":24}},"loc":{"start":{"line":111,"column":29},"end":{"line":111,"column":64}},"line":111},"8":{"name":"(anonymous_8)","decl":{"start":{"line":120,"column":24},"end":{"line":120,"column":25}},"loc":{"start":{"line":120,"column":34},"end":{"line":120,"column":41}},"line":120},"9":{"name":"(anonymous_9)","decl":{"start":{"line":122,"column":31},"end":{"line":122,"column":32}},"loc":{"start":{"line":123,"column":12},"end":{"line":123,"column":79}},"line":123}},"branchMap":{"0":{"loc":{"start":{"line":20,"column":4},"end":{"line":30,"column":5}},"type":"switch","locations":[{"start":{"line":21,"column":6},"end":{"line":23,"column":14}},{"start":{"line":24,"column":6},"end":{"line":26,"column":14}},{"start":{"line":27,"column":6},"end":{"line":29,"column":14}}],"line":20}},"s":{"0":0,"1":0,"2":0,"3":0,"4":0,"5":0,"6":0,"7":0,"8":0,"9":0,"10":0,"11":0,"12":0,"13":0,"14":0,"15":0,"16":0,"17":0,"18":0,"19":0,"20":0},"f":{"0":0,"1":0,"2":0,"3":0,"4":0,"5":0,"6":0,"7":0,"8":0,"9":0},"b":{"0":[0,0,0]}}
,"/Users/user/Documents/challenge/onda-finance/src/screens/SignIn/Enviar/Enviar.tsx": {"path":"/Users/user/Documents/challenge/onda-finance/src/screens/SignIn/Enviar/Enviar.tsx","statementMap":{"0":{"start":{"line":16,"column":34},"end":{"line":16,"column":52}},"1":{"start":{"line":22,"column":6},"end":{"line":29,"column":4}},"2":{"start":{"line":32,"column":4},"end":{"line":35,"column":5}},"3":{"start":{"line":33,"column":6},"end":{"line":33,"column":55}},"4":{"start":{"line":34,"column":6},"end":{"line":34,"column":13}},"5":{"start":{"line":37,"column":20},"end":{"line":45,"column":5}},"6":{"start":{"line":46,"column":4},"end":{"line":50,"column":5}},"7":{"start":{"line":47,"column":6},"end":{"line":47,"column":40}},"8":{"start":{"line":49,"column":6},"end":{"line":49,"column":25}},"9":{"start":{"line":52,"column":4},"end":{"line":52,"column":30}},"10":{"start":{"line":53,"column":4},"end":{"line":53,"column":12}},"11":{"start":{"line":54,"column":4},"end":{"line":54,"column":20}},"12":{"start":{"line":55,"column":4},"end":{"line":55,"column":40}},"13":{"start":{"line":58,"column":15},"end":{"line":62,"column":3}},"14":{"start":{"line":64,"column":2},"end":{"line":107,"column":4}}},"fnMap":{"0":{"name":"Enviar","decl":{"start":{"line":15,"column":16},"end":{"line":15,"column":22}},"loc":{"start":{"line":15,"column":66},"end":{"line":108,"column":1}},"line":15},"1":{"name":"submitForm","decl":{"start":{"line":31,"column":17},"end":{"line":31,"column":27}},"loc":{"start":{"line":31,"column":61},"end":{"line":56,"column":3}},"line":31}},"branchMap":{"0":{"loc":{"start":{"line":32,"column":4},"end":{"line":35,"column":5}},"type":"if","locations":[{"start":{"line":32,"column":4},"end":{"line":35,"column":5}},{"start":{},"end":{}}],"line":32}},"s":{"0":0,"1":0,"2":0,"3":0,"4":0,"5":0,"6":0,"7":0,"8":0,"9":0,"10":0,"11":0,"12":0,"13":0,"14":0},"f":{"0":0,"1":0},"b":{"0":[0,0]}}
,"/Users/user/Documents/challenge/onda-finance/src/screens/SignIn/PortfolioScreen/PortfolioScreen.tsx": {"path":"/Users/user/Documents/challenge/onda-finance/src/screens/SignIn/PortfolioScreen/PortfolioScreen.tsx","statementMap":{"0":{"start":{"line":11,"column":21},"end":{"line":11,"column":40}},"1":{"start":{"line":13,"column":18},"end":{"line":18,"column":5}},"2":{"start":{"line":13,"column":39},"end":{"line":18,"column":3}},"3":{"start":{"line":20,"column":30},"end":{"line":22,"column":7}},"4":{"start":{"line":21,"column":6},"end":{"line":21,"column":48}},"5":{"start":{"line":26,"column":6},"end":{"line":26,"column":78}},"6":{"start":{"line":30,"column":2},"end":{"line":79,"column":3}},"7":{"start":{"line":61,"column":16},"end":{"line":61,"column":121}},"8":{"start":{"line":70,"column":40},"end":{"line":70,"column":47}},"9":{"start":{"line":73,"column":18},"end":{"line":73,"column":85}}},"fnMap":{"0":{"name":"PortfolioScreen","decl":{"start":{"line":9,"column":17},"end":{"line":9,"column":32}},"loc":{"start":{"line":9,"column":35},"end":{"line":80,"column":1}},"line":9},"1":{"name":"(anonymous_1)","decl":{"start":{"line":13,"column":29},"end":{"line":13,"column":30}},"loc":{"start":{"line":13,"column":39},"end":{"line":18,"column":3}},"line":13},"2":{"name":"(anonymous_2)","decl":{"start":{"line":20,"column":44},"end":{"line":20,"column":45}},"loc":{"start":{"line":20,"column":60},"end":{"line":22,"column":3}},"line":20},"3":{"name":"renderItem","decl":{"start":{"line":25,"column":13},"end":{"line":25,"column":23}},"loc":{"start":{"line":25,"column":39},"end":{"line":27,"column":5}},"line":25},"4":{"name":"(anonymous_4)","decl":{"start":{"line":60,"column":36},"end":{"line":60,"column":37}},"loc":{"start":{"line":61,"column":16},"end":{"line":61,"column":121}},"line":61},"5":{"name":"(anonymous_5)","decl":{"start":{"line":70,"column":30},"end":{"line":70,"column":31}},"loc":{"start":{"line":70,"column":40},"end":{"line":70,"column":47}},"line":70},"6":{"name":"(anonymous_6)","decl":{"start":{"line":72,"column":37},"end":{"line":72,"column":38}},"loc":{"start":{"line":73,"column":18},"end":{"line":73,"column":85}},"line":73}},"branchMap":{},"s":{"0":0,"1":0,"2":0,"3":0,"4":0,"5":0,"6":0,"7":0,"8":0,"9":0},"f":{"0":0,"1":0,"2":0,"3":0,"4":0,"5":0,"6":0},"b":{}}
,"/Users/user/Documents/challenge/onda-finance/src/screens/SignIn/Receber/Receber.tsx": {"path":"/Users/user/Documents/challenge/onda-finance/src/screens/SignIn/Receber/Receber.tsx","statementMap":{"0":{"start":{"line":6,"column":2},"end":{"line":11,"column":3}}},"fnMap":{"0":{"name":"Receber","decl":{"start":{"line":5,"column":16},"end":{"line":5,"column":23}},"loc":{"start":{"line":5,"column":26},"end":{"line":12,"column":1}},"line":5}},"branchMap":{},"s":{"0":0},"f":{"0":0},"b":{}}
,"/Users/user/Documents/challenge/onda-finance/src/screens/SignIn/SettingsScreen/SettingScreen.tsx": {"path":"/Users/user/Documents/challenge/onda-finance/src/screens/SignIn/SettingsScreen/SettingScreen.tsx","statementMap":{"0":{"start":{"line":7,"column":19},"end":{"line":7,"column":33}},"1":{"start":{"line":8,"column":46},"end":{"line":8,"column":61}},"2":{"start":{"line":9,"column":2},"end":{"line":66,"column":4}}},"fnMap":{"0":{"name":"SettingScreen","decl":{"start":{"line":6,"column":16},"end":{"line":6,"column":29}},"loc":{"start":{"line":6,"column":32},"end":{"line":67,"column":1}},"line":6}},"branchMap":{},"s":{"0":0,"1":0,"2":0},"f":{"0":0},"b":{}}
,"/Users/user/Documents/challenge/onda-finance/src/screens/SignIn/TransactionsScreen/TransactionsScreen.tsx": {"path":"/Users/user/Documents/challenge/onda-finance/src/screens/SignIn/TransactionsScreen/TransactionsScreen.tsx","statementMap":{"0":{"start":{"line":13,"column":33},"end":{"line":17,"column":5}},"1":{"start":{"line":23,"column":4},"end":{"line":90,"column":5}},"2":{"start":{"line":94,"column":34},"end":{"line":94,"column":66}},"3":{"start":{"line":96,"column":25},"end":{"line":98,"column":5}},"4":{"start":{"line":97,"column":8},"end":{"line":97,"column":40}},"5":{"start":{"line":100,"column":33},"end":{"line":104,"column":31}},"6":{"start":{"line":101,"column":8},"end":{"line":101,"column":47}},"7":{"start":{"line":101,"column":27},"end":{"line":101,"column":47}},"8":{"start":{"line":102,"column":8},"end":{"line":102,"column":37}},"9":{"start":{"line":102,"column":27},"end":{"line":102,"column":37}},"10":{"start":{"line":103,"column":8},"end":{"line":103,"column":37}},"11":{"start":{"line":103,"column":27},"end":{"line":103,"column":37}},"12":{"start":{"line":106,"column":4},"end":{"line":106,"column":29}},"13":{"start":{"line":108,"column":4},"end":{"line":164,"column":6}},"14":{"start":{"line":121,"column":31},"end":{"line":121,"column":50}},"15":{"start":{"line":122,"column":12},"end":{"line":146,"column":14}},"16":{"start":{"line":125,"column":20},"end":{"line":125,"column":40}},"17":{"start":{"line":126,"column":20},"end":{"line":126,"column":44}},"18":{"start":{"line":153,"column":38},"end":{"line":153,"column":76}},"19":{"start":{"line":154,"column":36},"end":{"line":154,"column":43}},"20":{"start":{"line":157,"column":16},"end":{"line":159,"column":27}}},"fnMap":{"0":{"name":"TransactionItem","decl":{"start":{"line":22,"column":13},"end":{"line":22,"column":28}},"loc":{"start":{"line":22,"column":68},"end":{"line":91,"column":5}},"line":22},"1":{"name":"TransactionsScreen","decl":{"start":{"line":93,"column":20},"end":{"line":93,"column":38}},"loc":{"start":{"line":93,"column":41},"end":{"line":165,"column":5}},"line":93},"2":{"name":"(anonymous_2)","decl":{"start":{"line":96,"column":45},"end":{"line":96,"column":46}},"loc":{"start":{"line":97,"column":8},"end":{"line":97,"column":40}},"line":97},"3":{"name":"(anonymous_3)","decl":{"start":{"line":100,"column":47},"end":{"line":100,"column":48}},"loc":{"start":{"line":100,"column":53},"end":{"line":104,"column":5}},"line":100},"4":{"name":"(anonymous_4)","decl":{"start":{"line":120,"column":31},"end":{"line":120,"column":32}},"loc":{"start":{"line":120,"column":41},"end":{"line":147,"column":13}},"line":120},"5":{"name":"(anonymous_5)","decl":{"start":{"line":124,"column":25},"end":{"line":124,"column":26}},"loc":{"start":{"line":124,"column":31},"end":{"line":127,"column":17}},"line":124},"6":{"name":"(anonymous_6)","decl":{"start":{"line":153,"column":24},"end":{"line":153,"column":25}},"loc":{"start":{"line":153,"column":38},"end":{"line":153,"column":76}},"line":153},"7":{"name":"(anonymous_7)","decl":{"start":{"line":154,"column":26},"end":{"line":154,"column":27}},"loc":{"start":{"line":154,"column":36},"end":{"line":154,"column":43}},"line":154},"8":{"name":"(anonymous_8)","decl":{"start":{"line":156,"column":32},"end":{"line":156,"column":33}},"loc":{"start":{"line":157,"column":16},"end":{"line":159,"column":27}},"line":157}},"branchMap":{"0":{"loc":{"start":{"line":44,"column":25},"end":{"line":44,"column":59}},"type":"binary-expr","locations":[{"start":{"line":44,"column":25},"end":{"line":44,"column":52}},{"start":{"line":44,"column":56},"end":{"line":44,"column":59}}],"line":44},"1":{"loc":{"start":{"line":101,"column":8},"end":{"line":101,"column":47}},"type":"if","locations":[{"start":{"line":101,"column":8},"end":{"line":101,"column":47}},{"start":{},"end":{}}],"line":101},"2":{"loc":{"start":{"line":102,"column":8},"end":{"line":102,"column":37}},"type":"if","locations":[{"start":{"line":102,"column":8},"end":{"line":102,"column":37}},{"start":{},"end":{}}],"line":102},"3":{"loc":{"start":{"line":103,"column":8},"end":{"line":103,"column":37}},"type":"if","locations":[{"start":{"line":103,"column":8},"end":{"line":103,"column":37}},{"start":{},"end":{}}],"line":103},"4":{"loc":{"start":{"line":131,"column":33},"end":{"line":131,"column":66}},"type":"cond-expr","locations":[{"start":{"line":131,"column":46},"end":{"line":131,"column":55}},{"start":{"line":131,"column":58},"end":{"line":131,"column":66}}],"line":131},"5":{"loc":{"start":{"line":139,"column":27},"end":{"line":139,"column":55}},"type":"cond-expr","locations":[{"start":{"line":139,"column":40},"end":{"line":139,"column":46}},{"start":{"line":139,"column":49},"end":{"line":139,"column":55}}],"line":139}},"s":{"0":0,"1":0,"2":0,"3":0,"4":0,"5":0,"6":0,"7":0,"8":0,"9":0,"10":0,"11":0,"12":0,"13":0,"14":0,"15":0,"16":0,"17":0,"18":0,"19":0,"20":0},"f":{"0":0,"1":0,"2":0,"3":0,"4":0,"5":0,"6":0,"7":0,"8":0},"b":{"0":[0,0],"1":[0,0],"2":[0,0],"3":[0,0],"4":[0,0],"5":[0,0]}}
,"/Users/user/Documents/challenge/onda-finance/src/services/index.ts": {"path":"/Users/user/Documents/challenge/onda-finance/src/services/index.ts","statementMap":{},"fnMap":{},"branchMap":{},"s":{},"f":{},"b":{}}
,"/Users/user/Documents/challenge/onda-finance/src/services/Encrypted/Encrypted.ts": {"path":"/Users/user/Documents/challenge/onda-finance/src/services/Encrypted/Encrypted.ts","statementMap":{},"fnMap":{},"branchMap":{},"s":{},"f":{},"b":{}}
,"/Users/user/Documents/challenge/onda-finance/src/services/Storage/storage.ts": {"path":"/Users/user/Documents/challenge/onda-finance/src/services/Storage/storage.ts","statementMap":{"0":{"start":{"line":10,"column":4},"end":{"line":10,"column":26}}},"fnMap":{"0":{"name":"initializeStorage","decl":{"start":{"line":9,"column":16},"end":{"line":9,"column":33}},"loc":{"start":{"line":9,"column":55},"end":{"line":11,"column":1}},"line":9}},"branchMap":{},"s":{"0":0},"f":{"0":0},"b":{}}
,"/Users/user/Documents/challenge/onda-finance/src/services/Storage/AsyncStorage/AsyncStorage.ts": {"path":"/Users/user/Documents/challenge/onda-finance/src/services/Storage/AsyncStorage/AsyncStorage.ts","statementMap":{"0":{"start":{"line":4,"column":41},"end":{"line":18,"column":5}},"1":{"start":{"line":6,"column":21},"end":{"line":6,"column":52}},"2":{"start":{"line":7,"column":8},"end":{"line":9,"column":9}},"3":{"start":{"line":8,"column":8},"end":{"line":8,"column":32}},"4":{"start":{"line":10,"column":8},"end":{"line":10,"column":20}},"5":{"start":{"line":13,"column":8},"end":{"line":13,"column":63}},"6":{"start":{"line":16,"column":8},"end":{"line":16,"column":43}}},"fnMap":{"0":{"name":"(anonymous_0)","decl":{"start":{"line":5,"column":13},"end":{"line":5,"column":14}},"loc":{"start":{"line":5,"column":28},"end":{"line":11,"column":5}},"line":5},"1":{"name":"(anonymous_1)","decl":{"start":{"line":12,"column":13},"end":{"line":12,"column":14}},"loc":{"start":{"line":12,"column":35},"end":{"line":14,"column":5}},"line":12},"2":{"name":"(anonymous_2)","decl":{"start":{"line":15,"column":16},"end":{"line":15,"column":17}},"loc":{"start":{"line":15,"column":31},"end":{"line":17,"column":5}},"line":15}},"branchMap":{"0":{"loc":{"start":{"line":7,"column":8},"end":{"line":9,"column":9}},"type":"if","locations":[{"start":{"line":7,"column":8},"end":{"line":9,"column":9}},{"start":{},"end":{}}],"line":7}},"s":{"0":0,"1":0,"2":0,"3":0,"4":0,"5":0,"6":0},"f":{"0":0,"1":0,"2":0},"b":{"0":[0,0]}}
,"/Users/user/Documents/challenge/onda-finance/src/services/Storage/MMKV/MMKVStorage.ts": {"path":"/Users/user/Documents/challenge/onda-finance/src/services/Storage/MMKV/MMKVStorage.ts","statementMap":{"0":{"start":{"line":4,"column":30},"end":{"line":4,"column":40}},"1":{"start":{"line":6,"column":36},"end":{"line":18,"column":1}},"2":{"start":{"line":8,"column":21},"end":{"line":8,"column":57}},"3":{"start":{"line":9,"column":8},"end":{"line":11,"column":9}},"4":{"start":{"line":10,"column":12},"end":{"line":10,"column":36}},"5":{"start":{"line":12,"column":8},"end":{"line":12,"column":20}},"6":{"start":{"line":15,"column":8},"end":{"line":15,"column":62}},"7":{"start":{"line":17,"column":29},"end":{"line":17,"column":62}}},"fnMap":{"0":{"name":"(anonymous_0)","decl":{"start":{"line":7,"column":13},"end":{"line":7,"column":14}},"loc":{"start":{"line":7,"column":22},"end":{"line":13,"column":5}},"line":7},"1":{"name":"(anonymous_1)","decl":{"start":{"line":14,"column":13},"end":{"line":14,"column":14}},"loc":{"start":{"line":14,"column":50},"end":{"line":16,"column":5}},"line":14},"2":{"name":"(anonymous_2)","decl":{"start":{"line":17,"column":16},"end":{"line":17,"column":17}},"loc":{"start":{"line":17,"column":29},"end":{"line":17,"column":62}},"line":17}},"branchMap":{"0":{"loc":{"start":{"line":9,"column":8},"end":{"line":11,"column":9}},"type":"if","locations":[{"start":{"line":9,"column":8},"end":{"line":11,"column":9}},{"start":{},"end":{}}],"line":9}},"s":{"0":0,"1":0,"2":0,"3":0,"4":0,"5":0,"6":0,"7":0},"f":{"0":0,"1":0,"2":0},"b":{"0":[0,0]}}
,"/Users/user/Documents/challenge/onda-finance/src/services/TransactionStore/transactionStore.ts": {"path":"/Users/user/Documents/challenge/onda-finance/src/services/TransactionStore/transactionStore.ts","statementMap":{"0":{"start":{"line":29,"column":39},"end":{"line":63,"column":5}},"1":{"start":{"line":31,"column":23},"end":{"line":57,"column":9}},"2":{"start":{"line":35,"column":30},"end":{"line":41,"column":13}},"3":{"start":{"line":42,"column":12},"end":{"line":44,"column":16}},"4":{"start":{"line":42,"column":27},"end":{"line":44,"column":13}},"5":{"start":{"line":48,"column":12},"end":{"line":54,"column":16}},"6":{"start":{"line":48,"column":49},"end":{"line":54,"column":13}},"7":{"start":{"line":60,"column":41},"end":{"line":60,"column":53}}},"fnMap":{"0":{"name":"(anonymous_0)","decl":{"start":{"line":31,"column":8},"end":{"line":31,"column":9}},"loc":{"start":{"line":31,"column":23},"end":{"line":57,"column":9}},"line":31},"1":{"name":"(anonymous_1)","decl":{"start":{"line":34,"column":24},"end":{"line":34,"column":25}},"loc":{"start":{"line":34,"column":47},"end":{"line":46,"column":9}},"line":34},"2":{"name":"(anonymous_2)","decl":{"start":{"line":42,"column":16},"end":{"line":42,"column":17}},"loc":{"start":{"line":42,"column":27},"end":{"line":44,"column":13}},"line":42},"3":{"name":"(anonymous_3)","decl":{"start":{"line":47,"column":34},"end":{"line":47,"column":35}},"loc":{"start":{"line":47,"column":40},"end":{"line":55,"column":9}},"line":47},"4":{"name":"(anonymous_4)","decl":{"start":{"line":48,"column":42},"end":{"line":48,"column":43}},"loc":{"start":{"line":48,"column":49},"end":{"line":54,"column":13}},"line":48},"5":{"name":"(anonymous_5)","decl":{"start":{"line":60,"column":35},"end":{"line":60,"column":36}},"loc":{"start":{"line":60,"column":41},"end":{"line":60,"column":53}},"line":60}},"branchMap":{},"s":{"0":0,"1":0,"2":0,"3":0,"4":0,"5":0,"6":0,"7":0},"f":{"0":0,"1":0,"2":0,"3":0,"4":0,"5":0},"b":{}}
,"/Users/user/Documents/challenge/onda-finance/src/services/webSocket/webSocket.ts": {"path":"/Users/user/Documents/challenge/onda-finance/src/services/webSocket/webSocket.ts","statementMap":{"0":{"start":{"line":5,"column":46},"end":{"line":5,"column":50}},"1":{"start":{"line":8,"column":8},"end":{"line":8,"column":34}},"2":{"start":{"line":8,"column":27},"end":{"line":8,"column":34}},"3":{"start":{"line":10,"column":8},"end":{"line":10,"column":51}},"4":{"start":{"line":12,"column":8},"end":{"line":14,"column":17}},"5":{"start":{"line":13,"column":8},"end":{"line":13,"column":28}},"6":{"start":{"line":18,"column":8},"end":{"line":21,"column":9}},"7":{"start":{"line":19,"column":8},"end":{"line":19,"column":37}},"8":{"start":{"line":20,"column":8},"end":{"line":20,"column":29}},"9":{"start":{"line":22,"column":8},"end":{"line":22,"column":54}},"10":{"start":{"line":26,"column":8},"end":{"line":33,"column":9}},"11":{"start":{"line":27,"column":8},"end":{"line":32,"column":11}},"12":{"start":{"line":37,"column":22},"end":{"line":37,"column":50}},"13":{"start":{"line":39,"column":8},"end":{"line":44,"column":11}},"14":{"start":{"line":40,"column":25},"end":{"line":40,"column":50}},"15":{"start":{"line":41,"column":26},"end":{"line":41,"column":60}},"16":{"start":{"line":43,"column":8},"end":{"line":43,"column":62}},"17":{"start":{"line":48,"column":33},"end":{"line":48,"column":52}}},"fnMap":{"0":{"name":"(anonymous_0)","decl":{"start":{"line":7,"column":4},"end":{"line":7,"column":5}},"loc":{"start":{"line":7,"column":14},"end":{"line":15,"column":5}},"line":7},"1":{"name":"(anonymous_1)","decl":{"start":{"line":12,"column":36},"end":{"line":12,"column":37}},"loc":{"start":{"line":12,"column":42},"end":{"line":14,"column":9}},"line":12},"2":{"name":"(anonymous_2)","decl":{"start":{"line":17,"column":4},"end":{"line":17,"column":5}},"loc":{"start":{"line":17,"column":17},"end":{"line":23,"column":5}},"line":17},"3":{"name":"(anonymous_3)","decl":{"start":{"line":25,"column":4},"end":{"line":25,"column":5}},"loc":{"start":{"line":25,"column":29},"end":{"line":34,"column":5}},"line":25},"4":{"name":"(anonymous_4)","decl":{"start":{"line":36,"column":4},"end":{"line":36,"column":5}},"loc":{"start":{"line":36,"column":27},"end":{"line":45,"column":5}},"line":36},"5":{"name":"(anonymous_5)","decl":{"start":{"line":39,"column":29},"end":{"line":39,"column":30}},"loc":{"start":{"line":39,"column":40},"end":{"line":44,"column":9}},"line":39}},"branchMap":{"0":{"loc":{"start":{"line":8,"column":8},"end":{"line":8,"column":34}},"type":"if","locations":[{"start":{"line":8,"column":8},"end":{"line":8,"column":34}},{"start":{},"end":{}}],"line":8},"1":{"loc":{"start":{"line":18,"column":8},"end":{"line":21,"column":9}},"type":"if","locations":[{"start":{"line":18,"column":8},"end":{"line":21,"column":9}},{"start":{},"end":{}}],"line":18},"2":{"loc":{"start":{"line":26,"column":8},"end":{"line":33,"column":9}},"type":"if","locations":[{"start":{"line":26,"column":8},"end":{"line":33,"column":9}},{"start":{},"end":{}}],"line":26}},"s":{"0":0,"1":0,"2":0,"3":0,"4":0,"5":0,"6":0,"7":0,"8":0,"9":0,"10":0,"11":0,"12":0,"13":0,"14":0,"15":0,"16":0,"17":0},"f":{"0":0,"1":0,"2":0,"3":0,"4":0,"5":0},"b":{"0":[0,0],"1":[0,0],"2":[0,0]}}
,"/Users/user/Documents/challenge/onda-finance/src/store/authStore.ts": {"path":"/Users/user/Documents/challenge/onda-finance/src/store/authStore.ts","statementMap":{"0":{"start":{"line":9,"column":28},"end":{"line":13,"column":3}},"1":{"start":{"line":9,"column":60},"end":{"line":13,"column":1}},"2":{"start":{"line":11,"column":17},"end":{"line":11,"column":45}},"3":{"start":{"line":12,"column":18},"end":{"line":12,"column":47}}},"fnMap":{"0":{"name":"(anonymous_0)","decl":{"start":{"line":9,"column":50},"end":{"line":9,"column":51}},"loc":{"start":{"line":9,"column":60},"end":{"line":13,"column":1}},"line":9},"1":{"name":"(anonymous_1)","decl":{"start":{"line":11,"column":11},"end":{"line":11,"column":12}},"loc":{"start":{"line":11,"column":17},"end":{"line":11,"column":45}},"line":11},"2":{"name":"(anonymous_2)","decl":{"start":{"line":12,"column":12},"end":{"line":12,"column":13}},"loc":{"start":{"line":12,"column":18},"end":{"line":12,"column":47}},"line":12}},"branchMap":{},"s":{"0":0,"1":0,"2":0,"3":0},"f":{"0":0,"1":0,"2":0},"b":{}}
,"/Users/user/Documents/challenge/onda-finance/src/store/dashboardStore.ts": {"path":"/Users/user/Documents/challenge/onda-finance/src/store/dashboardStore.ts","statementMap":{"0":{"start":{"line":25,"column":33},"end":{"line":53,"column":3}},"1":{"start":{"line":25,"column":70},"end":{"line":53,"column":1}},"2":{"start":{"line":36,"column":27},"end":{"line":36,"column":40}},"3":{"start":{"line":39,"column":4},"end":{"line":43,"column":7}},"4":{"start":{"line":39,"column":19},"end":{"line":43,"column":5}},"5":{"start":{"line":40,"column":42},"end":{"line":41,"column":15}},"6":{"start":{"line":46,"column":35},"end":{"line":46,"column":68}},"7":{"start":{"line":49,"column":23},"end":{"line":49,"column":28}},"8":{"start":{"line":50,"column":4},"end":{"line":50,"column":81}},"9":{"start":{"line":50,"column":41},"end":{"line":50,"column":77}}},"fnMap":{"0":{"name":"(anonymous_0)","decl":{"start":{"line":25,"column":56},"end":{"line":25,"column":57}},"loc":{"start":{"line":25,"column":70},"end":{"line":53,"column":1}},"line":25},"1":{"name":"(anonymous_1)","decl":{"start":{"line":36,"column":15},"end":{"line":36,"column":16}},"loc":{"start":{"line":36,"column":27},"end":{"line":36,"column":40}},"line":36},"2":{"name":"(anonymous_2)","decl":{"start":{"line":38,"column":4},"end":{"line":38,"column":5}},"loc":{"start":{"line":38,"column":40},"end":{"line":45,"column":5}},"line":38},"3":{"name":"(anonymous_3)","decl":{"start":{"line":39,"column":8},"end":{"line":39,"column":9}},"loc":{"start":{"line":39,"column":19},"end":{"line":43,"column":5}},"line":39},"4":{"name":"(anonymous_4)","decl":{"start":{"line":40,"column":33},"end":{"line":40,"column":34}},"loc":{"start":{"line":40,"column":42},"end":{"line":41,"column":15}},"line":40},"5":{"name":"(anonymous_5)","decl":{"start":{"line":46,"column":19},"end":{"line":46,"column":20}},"loc":{"start":{"line":46,"column":35},"end":{"line":46,"column":68}},"line":46},"6":{"name":"(anonymous_6)","decl":{"start":{"line":48,"column":27},"end":{"line":48,"column":28}},"loc":{"start":{"line":48,"column":33},"end":{"line":51,"column":5}},"line":48},"7":{"name":"(anonymous_7)","decl":{"start":{"line":50,"column":25},"end":{"line":50,"column":26}},"loc":{"start":{"line":50,"column":41},"end":{"line":50,"column":77}},"line":50}},"branchMap":{"0":{"loc":{"start":{"line":40,"column":42},"end":{"line":41,"column":15}},"type":"cond-expr","locations":[{"start":{"line":40,"column":60},"end":{"line":40,"column":96}},{"start":{"line":41,"column":10},"end":{"line":41,"column":15}}],"line":40}},"s":{"0":0,"1":0,"2":0,"3":0,"4":0,"5":0,"6":0,"7":0,"8":0,"9":0},"f":{"0":0,"1":0,"2":0,"3":0,"4":0,"5":0,"6":0,"7":0},"b":{"0":[0,0]}}
,"/Users/user/Documents/challenge/onda-finance/src/store/index.ts": {"path":"/Users/user/Documents/challenge/onda-finance/src/store/index.ts","statementMap":{},"fnMap":{},"branchMap":{},"s":{},"f":{},"b":{}}
,"/Users/user/Documents/challenge/onda-finance/src/store/themeStore.ts": {"path":"/Users/user/Documents/challenge/onda-finance/src/store/themeStore.ts","statementMap":{"0":{"start":{"line":12,"column":29},"end":{"line":23,"column":3}},"1":{"start":{"line":12,"column":63},"end":{"line":23,"column":1}},"2":{"start":{"line":16,"column":24},"end":{"line":16,"column":39}},"3":{"start":{"line":17,"column":24},"end":{"line":17,"column":62}},"4":{"start":{"line":18,"column":8},"end":{"line":21,"column":10}}},"fnMap":{"0":{"name":"(anonymous_0)","decl":{"start":{"line":12,"column":48},"end":{"line":12,"column":49}},"loc":{"start":{"line":12,"column":63},"end":{"line":23,"column":1}},"line":12},"1":{"name":"(anonymous_1)","decl":{"start":{"line":15,"column":21},"end":{"line":15,"column":22}},"loc":{"start":{"line":15,"column":26},"end":{"line":22,"column":5}},"line":15}},"branchMap":{"0":{"loc":{"start":{"line":17,"column":24},"end":{"line":17,"column":62}},"type":"cond-expr","locations":[{"start":{"line":17,"column":46},"end":{"line":17,"column":52}},{"start":{"line":17,"column":55},"end":{"line":17,"column":62}}],"line":17},"1":{"loc":{"start":{"line":20,"column":19},"end":{"line":20,"column":57}},"type":"cond-expr","locations":[{"start":{"line":20,"column":40},"end":{"line":20,"column":49}},{"start":{"line":20,"column":52},"end":{"line":20,"column":57}}],"line":20}},"s":{"0":0,"1":0,"2":0,"3":0,"4":0},"f":{"0":0,"1":0},"b":{"0":[0,0],"1":[0,0]}}
,"/Users/user/Documents/challenge/onda-finance/src/theme/colors.ts": {"path":"/Users/user/Documents/challenge/onda-finance/src/theme/colors.ts","statementMap":{"0":{"start":{"line":1,"column":23},"end":{"line":36,"column":1}},"1":{"start":{"line":38,"column":37},"end":{"line":54,"column":1}},"2":{"start":{"line":56,"column":19},"end":{"line":72,"column":1}},"3":{"start":{"line":76,"column":22},"end":{"line":76,"column":54}}},"fnMap":{},"branchMap":{},"s":{"0":0,"1":0,"2":0,"3":0},"f":{},"b":{}}
,"/Users/user/Documents/challenge/onda-finance/src/theme/index.ts": {"path":"/Users/user/Documents/challenge/onda-finance/src/theme/index.ts","statementMap":{},"fnMap":{},"branchMap":{},"s":{},"f":{},"b":{}}
,"/Users/user/Documents/challenge/onda-finance/src/theme/theme.ts": {"path":"/Users/user/Documents/challenge/onda-finance/src/theme/theme.ts","statementMap":{"0":{"start":{"line":5,"column":21},"end":{"line":32,"column":2}},"1":{"start":{"line":34,"column":25},"end":{"line":37,"column":1}},"2":{"start":{"line":41,"column":39},"end":{"line":47,"column":1}}},"fnMap":{},"branchMap":{},"s":{"0":0,"1":0,"2":0},"f":{},"b":{}}
,"/Users/user/Documents/challenge/onda-finance/src/utils/crypto.ts": {"path":"/Users/user/Documents/challenge/onda-finance/src/utils/crypto.ts","statementMap":{"0":{"start":{"line":4,"column":12},"end":{"line":4,"column":17}},"1":{"start":{"line":7,"column":19},"end":{"line":7,"column":37}},"2":{"start":{"line":8,"column":4},"end":{"line":8,"column":47}},"3":{"start":{"line":12,"column":19},"end":{"line":12,"column":57}},"4":{"start":{"line":13,"column":4},"end":{"line":13,"column":32}}},"fnMap":{"0":{"name":"encryptText","decl":{"start":{"line":6,"column":22},"end":{"line":6,"column":33}},"loc":{"start":{"line":6,"column":65},"end":{"line":9,"column":5}},"line":6},"1":{"name":"decryptText","decl":{"start":{"line":11,"column":20},"end":{"line":11,"column":31}},"loc":{"start":{"line":11,"column":59},"end":{"line":14,"column":1}},"line":11}},"branchMap":{},"s":{"0":0,"1":0,"2":0,"3":0,"4":0},"f":{"0":0,"1":0},"b":{}}
,"/Users/user/Documents/challenge/onda-finance/src/utils/index.ts": {"path":"/Users/user/Documents/challenge/onda-finance/src/utils/index.ts","statementMap":{},"fnMap":{},"branchMap":{},"s":{},"f":{},"b":{}}
,"/Users/user/Documents/challenge/onda-finance/src/validation/index.ts": {"path":"/Users/user/Documents/challenge/onda-finance/src/validation/index.ts","statementMap":{},"fnMap":{},"branchMap":{},"s":{},"f":{},"b":{}}
,"/Users/user/Documents/challenge/onda-finance/src/validation/validation.ts": {"path":"/Users/user/Documents/challenge/onda-finance/src/validation/validation.ts","statementMap":{"0":{"start":{"line":3,"column":32},"end":{"line":15,"column":2}},"1":{"start":{"line":12,"column":8},"end":{"line":12,"column":32}},"2":{"start":{"line":12,"column":20},"end":{"line":12,"column":32}},"3":{"start":{"line":13,"column":8},"end":{"line":13,"column":57}}},"fnMap":{"0":{"name":"(anonymous_0)","decl":{"start":{"line":11,"column":60},"end":{"line":11,"column":61}},"loc":{"start":{"line":11,"column":71},"end":{"line":14,"column":5}},"line":11}},"branchMap":{"0":{"loc":{"start":{"line":12,"column":8},"end":{"line":12,"column":32}},"type":"if","locations":[{"start":{"line":12,"column":8},"end":{"line":12,"column":32}},{"start":{},"end":{}}],"line":12},"1":{"loc":{"start":{"line":13,"column":15},"end":{"line":13,"column":57}},"type":"binary-expr","locations":[{"start":{"line":13,"column":15},"end":{"line":13,"column":36}},{"start":{"line":13,"column":40},"end":{"line":13,"column":57}}],"line":13}},"s":{"0":0,"1":0,"2":0,"3":0},"f":{"0":0},"b":{"0":[0,0],"1":[0,0]}}
}
