TN:
SF:src/components/index.ts
FNF:0
FNH:0
LF:0
LH:0
BRF:0
BRH:0
end_of_record
TN:
SF:src/components/AvatarPhoto/AvatarPhoto.tsx
FN:9,ProfileAvatar
FNF:1
FNH:0
FNDA:0,ProfileAvatar
DA:14,0
LF:1
LH:0
BRDA:11,0,0,0
BRDA:12,1,0,0
BRF:2
BRH:0
end_of_record
TN:
SF:src/components/AvatarPhoto/index.ts
FNF:0
FNH:0
LF:0
LH:0
BRF:0
BRH:0
end_of_record
TN:
SF:src/components/Box/Box.tsx
FNF:0
FNH:0
DA:18,0
DA:31,0
DA:34,0
LF:3
LH:0
BRF:0
BRH:0
end_of_record
TN:
SF:src/components/Box/index.ts
FNF:0
FNH:0
LF:0
LH:0
BRF:0
BRH:0
end_of_record
TN:
SF:src/components/Button/Button.tsx
FN:20,Button
FNF:1
FNH:0
FNDA:0,Button
DA:27,0
DA:28,0
LF:2
LH:0
BRDA:23,0,0,0
BRDA:27,1,0,0
BRDA:27,1,1,0
BRDA:30,2,0,0
BRDA:30,2,1,0
BRDA:39,3,0,0
BRDA:39,3,1,0
BRF:7
BRH:0
end_of_record
TN:
SF:src/components/Button/index.ts
FNF:0
FNH:0
LF:0
LH:0
BRF:0
BRH:0
end_of_record
TN:
SF:src/components/Button/Component_Intern/ButtonPresets_Onda.ts
FNF:0
FNH:0
DA:17,0
LF:1
LH:0
BRF:0
BRH:0
end_of_record
TN:
SF:src/components/ButtonDirection/ButtonDirection.tsx
FN:20,ButtonDirection
FNF:1
FNH:0
FNDA:0,ButtonDirection
DA:6,0
DA:27,0
LF:2
LH:0
BRF:0
BRH:0
end_of_record
TN:
SF:src/components/ButtonDirection/index.ts
FNF:0
FNH:0
LF:0
LH:0
BRF:0
BRH:0
end_of_record
TN:
SF:src/components/CardInfoGenerics/CardInfoGenerics.tsx
FN:12,CardInfoGenerics
FN:20,(anonymous_1)
FN:24,getAssetPercentual
FNF:3
FNH:0
FNDA:0,CardInfoGenerics
FNDA:0,(anonymous_1)
FNDA:0,getAssetPercentual
DA:16,0
DA:18,0
DA:20,0
DA:21,0
DA:25,0
DA:26,0
DA:27,0
DA:32,0
LF:8
LH:0
BRDA:16,0,0,0
BRDA:16,0,1,0
BRDA:46,1,0,0
BRDA:46,1,1,0
BRDA:48,2,0,0
BRDA:48,2,1,0
BRDA:54,3,0,0
BRDA:54,3,1,0
BRDA:54,4,0,0
BRDA:54,4,1,0
BRDA:55,5,0,0
BRDA:55,5,1,0
BRDA:64,6,0,0
BRDA:64,6,1,0
BRDA:69,7,0,0
BRDA:69,7,1,0
BRDA:69,7,2,0
BRDA:69,7,3,0
BRDA:75,8,0,0
BRDA:75,8,1,0
BRDA:75,9,0,0
BRDA:75,9,1,0
BRDA:95,10,0,0
BRDA:95,10,1,0
BRDA:98,11,0,0
BRDA:98,11,1,0
BRDA:101,12,0,0
BRDA:101,12,1,0
BRDA:103,13,0,0
BRDA:103,13,1,0
BRDA:107,14,0,0
BRDA:107,14,1,0
BRF:32
BRH:0
end_of_record
TN:
SF:src/components/CardInfoGenerics/index.ts
FNF:0
FNH:0
LF:0
LH:0
BRF:0
BRH:0
end_of_record
TN:
SF:src/components/Form/Form.tsx
FN:6,FormTextInput
FN:18,(anonymous_1)
FNF:2
FNH:0
FNDA:0,FormTextInput
FNDA:0,(anonymous_1)
DA:13,0
DA:19,0
LF:2
LH:0
BRDA:20,0,0,0
BRDA:20,0,1,0
BRDA:21,1,0,0
BRDA:21,1,1,0
BRDA:22,2,0,0
BRDA:22,2,1,0
BRF:6
BRH:0
end_of_record
TN:
SF:src/components/Form/index.ts
FNF:0
FNH:0
LF:0
LH:0
BRF:0
BRH:0
end_of_record
TN:
SF:src/components/Icon/Icon.tsx
FN:17,Icon
FNF:1
FNH:0
FNDA:0,Icon
DA:24,0
DA:26,0
DA:29,0
DA:43,0
DA:45,0
DA:46,0
DA:53,0
LF:7
LH:0
BRDA:19,0,0,0
BRDA:20,1,0,0
BRDA:21,2,0,0
BRDA:29,3,0,0
BRDA:29,3,1,0
BRDA:31,4,0,0
BRDA:31,4,1,0
BRDA:33,5,0,0
BRDA:33,5,1,0
BRDA:35,6,0,0
BRDA:35,6,1,0
BRDA:37,7,0,0
BRDA:37,7,1,0
BRDA:39,8,0,0
BRDA:39,8,1,0
BRDA:45,9,0,0
BRDA:45,9,1,0
BRF:17
BRH:0
end_of_record
TN:
SF:src/components/Icon/index.ts
FNF:0
FNH:0
LF:0
LH:0
BRF:0
BRH:0
end_of_record
TN:
SF:src/components/Input/Input.tsx
FN:1,Input
FNF:1
FNH:0
FNDA:0,Input
LF:0
LH:0
BRF:0
BRH:0
end_of_record
TN:
SF:src/components/Input/index.ts
FNF:0
FNH:0
LF:0
LH:0
BRF:0
BRH:0
end_of_record
TN:
SF:src/components/Screen/Screen.tsx
FN:18,ScreenOnda
FNF:1
FNH:0
FNDA:0,ScreenOnda
DA:28,0
DA:29,0
DA:30,0
DA:31,0
LF:4
LH:0
BRDA:30,0,0,0
BRDA:30,0,1,0
BRDA:33,1,0,0
BRDA:33,1,1,0
BRDA:36,2,0,0
BRDA:36,2,1,0
BRDA:37,3,0,0
BRDA:37,3,1,0
BRDA:37,4,0,0
BRDA:37,4,1,0
BRF:10
BRH:0
end_of_record
TN:
SF:src/components/Screen/index.ts
FNF:0
FNH:0
LF:0
LH:0
BRF:0
BRH:0
end_of_record
TN:
SF:src/components/Screen/Component_Intern/ScreenContainerOnda.tsx
FN:8,ScreenComponent
FNF:1
FNH:0
FNDA:0,ScreenComponent
DA:9,0
DA:10,0
DA:11,0
LF:3
LH:0
BRDA:10,0,0,0
BRDA:10,0,1,0
BRDA:19,1,0,0
BRDA:19,1,1,0
BRDA:26,2,0,0
BRDA:26,2,1,0
BRDA:34,3,0,0
BRDA:34,3,1,0
BRDA:42,4,0,0
BRDA:42,4,1,0
BRDA:43,5,0,0
BRDA:43,5,1,0
BRF:12
BRH:0
end_of_record
TN:
SF:src/components/ScrolViewContainerOnda/ScrolViewContainerOnda.tsx
FN:9,ScrollViewContainer
FN:17,ViewContainer
FNF:2
FNH:0
FNDA:0,ScrollViewContainer
FNDA:0,ViewContainer
DA:10,0
DA:18,0
LF:2
LH:0
BRF:0
BRH:0
end_of_record
TN:
SF:src/components/ScrolViewContainerOnda/index.ts
FNF:0
FNH:0
LF:0
LH:0
BRF:0
BRH:0
end_of_record
TN:
SF:src/components/Text/Text.tsx
FN:22,Text
FN:42,getFontFamily
FNF:2
FNH:0
FNDA:0,Text
FNDA:0,getFontFamily
DA:11,0
DA:31,0
DA:32,0
DA:48,0
DA:53,0
DA:55,0
DA:57,0
DA:59,0
DA:61,0
DA:63,0
DA:65,0
DA:67,0
DA:82,0
DA:95,0
LF:14
LH:0
BRDA:24,0,0,0
BRDA:48,1,0,0
BRDA:48,1,1,0
BRDA:49,2,0,0
BRDA:49,2,1,0
BRDA:49,2,2,0
BRDA:53,3,0,0
BRDA:53,3,1,0
BRDA:55,4,0,0
BRDA:55,4,1,0
BRDA:55,4,2,0
BRDA:55,4,3,0
BRDA:55,4,4,0
BRDA:55,4,5,0
BRDA:56,5,0,0
BRDA:56,5,1,0
BRDA:62,6,0,0
BRDA:62,6,1,0
BRF:18
BRH:0
end_of_record
TN:
SF:src/components/Text/index.ts
FNF:0
FNH:0
LF:0
LH:0
BRF:0
BRH:0
end_of_record
TN:
SF:src/components/TextInput/TextInput.tsx
FN:22,TextInput
FN:34,focusInput
FNF:2
FNH:0
FNDA:0,TextInput
FNDA:0,focusInput
DA:23,0
DA:24,0
DA:26,0
DA:35,0
DA:37,0
DA:63,0
LF:6
LH:0
BRDA:27,0,0,0
BRDA:27,0,1,0
BRDA:29,1,0,0
BRDA:29,1,1,0
BRDA:40,2,0,0
BRDA:40,2,1,0
BRF:6
BRH:0
end_of_record
TN:
SF:src/components/TextInput/index.ts
FNF:0
FNH:0
LF:0
LH:0
BRF:0
BRH:0
end_of_record
TN:
SF:src/hooks/index.ts
FNF:0
FNH:0
LF:0
LH:0
BRF:0
BRH:0
end_of_record
TN:
SF:src/hooks/useAppSafeAreaView.tsx
FN:4,useAppSafeArea
FNF:1
FNH:0
FNDA:0,useAppSafeArea
DA:5,0
DA:6,0
DA:7,0
LF:3
LH:0
BRF:0
BRH:0
end_of_record
TN:
SF:src/hooks/useAppThemeOnda.tsx
FN:4,useAppTheme
FNF:1
FNH:0
FNDA:0,useAppTheme
DA:5,0
LF:1
LH:0
BRF:0
BRH:0
end_of_record
TN:
SF:src/navigation/AppStack.tsx
FN:19,AppStack
FNF:1
FNH:0
FNDA:0,AppStack
DA:13,0
DA:20,0
LF:2
LH:0
BRDA:19,0,0,0
BRF:1
BRH:0
end_of_record
TN:
SF:src/navigation/AuthStack.tsx
FN:13,AuthStack
FNF:1
FNH:0
FNDA:0,AuthStack
DA:11,0
DA:14,0
LF:2
LH:0
BRF:0
BRH:0
end_of_record
TN:
SF:src/navigation/TabNavigation.tsx
FN:17,AppTabNavigation
FN:19,(anonymous_1)
FN:29,(anonymous_2)
FNF:3
FNH:0
FNDA:0,AppTabNavigation
FNDA:0,(anonymous_1)
FNDA:0,(anonymous_2)
DA:15,0
DA:18,0
DA:19,0
DA:31,0
DA:33,0
DA:34,0
DA:36,0
DA:37,0
DA:39,0
DA:40,0
DA:42,0
DA:43,0
DA:45,0
LF:13
LH:0
BRDA:31,0,0,0
BRDA:31,0,1,0
BRDA:31,0,2,0
BRDA:31,0,3,0
BRDA:45,1,0,0
BRDA:45,1,1,0
BRF:6
BRH:0
end_of_record
TN:
SF:src/navigation/index.ts
FNF:0
FNH:0
LF:0
LH:0
BRF:0
BRH:0
end_of_record
TN:
SF:src/navigation/typesNavigation.ts
FNF:0
FNH:0
LF:0
LH:0
BRF:0
BRH:0
end_of_record
TN:
SF:src/routes/RootNavigation.tsx
FN:10,AppStackRouter
FNF:1
FNH:0
FNDA:0,AppStackRouter
DA:8,0
DA:11,0
DA:12,0
LF:3
LH:0
BRDA:15,0,0,0
BRDA:15,0,1,0
BRF:2
BRH:0
end_of_record
TN:
SF:src/routes/index.ts
FNF:0
FNH:0
LF:0
LH:0
BRF:0
BRH:0
end_of_record
TN:
SF:src/screens/index.ts
FNF:0
FNH:0
LF:0
LH:0
BRF:0
BRH:0
end_of_record
TN:
SF:src/screens/Auth/BioFaceIDScreen/BioFaceIDScreen.tsx
FN:8,FaceIDScreen
FN:13,(anonymous_1)
FN:17,(anonymous_2)
FN:37,(anonymous_3)
FN:77,(anonymous_4)
FN:81,(anonymous_5)
FNF:6
FNH:0
FNDA:0,FaceIDScreen
FNDA:0,(anonymous_1)
FNDA:0,(anonymous_2)
FNDA:0,(anonymous_3)
FNDA:0,(anonymous_4)
FNDA:0,(anonymous_5)
DA:9,0
DA:10,0
DA:11,0
DA:13,0
DA:14,0
DA:17,0
DA:18,0
DA:19,0
DA:21,0
DA:22,0
DA:23,0
DA:24,0
DA:26,0
DA:27,0
DA:28,0
DA:29,0
DA:31,0
DA:37,0
DA:38,0
DA:39,0
DA:41,0
DA:42,0
DA:47,0
DA:50,0
DA:57,0
DA:58,0
DA:59,0
DA:61,0
DA:62,0
DA:63,0
DA:64,0
DA:72,0
DA:73,0
DA:77,0
DA:78,0
DA:81,0
DA:82,0
DA:83,0
DA:86,0
LF:39
LH:0
BRDA:21,0,0,0
BRDA:21,0,1,0
BRDA:23,1,0,0
BRDA:23,1,1,0
BRDA:26,2,0,0
BRDA:26,2,1,0
BRDA:28,3,0,0
BRDA:28,3,1,0
BRDA:41,4,0,0
BRDA:41,4,1,0
BRDA:57,5,0,0
BRDA:57,5,1,0
BRDA:61,6,0,0
BRDA:61,6,1,0
BRDA:63,7,0,0
BRDA:63,7,1,0
BRDA:91,8,0,0
BRDA:91,8,1,0
BRDA:99,9,0,0
BRDA:99,9,1,0
BRDA:102,10,0,0
BRDA:102,10,1,0
BRDA:108,11,0,0
BRDA:108,11,1,0
BRF:24
BRH:0
end_of_record
TN:
SF:src/screens/Auth/OnboardingScreen/OnboardingScreen.tsx
FN:7,OnboardingScreen
FN:18,(anonymous_1)
FNF:2
FNH:0
FNDA:0,OnboardingScreen
FNDA:0,(anonymous_1)
DA:8,0
DA:18,0
LF:2
LH:0
BRF:0
BRH:0
end_of_record
TN:
SF:src/screens/Auth/PinCreateScreen/PinCreateScreen.tsx
FN:9,PinCreateScreen
FN:15,(anonymous_1)
FN:25,(anonymous_2)
FN:33,(anonymous_3)
FN:52,(anonymous_4)
FN:85,(anonymous_5)
FNF:6
FNH:0
FNDA:0,PinCreateScreen
FNDA:0,(anonymous_1)
FNDA:0,(anonymous_2)
FNDA:0,(anonymous_3)
FNDA:0,(anonymous_4)
FNDA:0,(anonymous_5)
DA:10,0
DA:11,0
DA:12,0
DA:13,0
DA:15,0
DA:16,0
DA:17,0
DA:18,0
DA:19,0
DA:20,0
DA:22,0
DA:23,0
DA:24,0
DA:25,0
DA:26,0
DA:27,0
DA:33,0
DA:38,0
DA:39,0
DA:40,0
DA:41,0
DA:43,0
DA:46,0
DA:53,0
DA:54,0
DA:63,0
DA:65,0
DA:69,0
DA:85,0
LF:29
LH:0
BRDA:16,0,0,0
BRDA:16,0,1,0
BRDA:22,1,0,0
BRDA:22,1,1,0
BRDA:63,2,0,0
BRDA:63,2,1,0
BRDA:65,3,0,0
BRDA:65,3,1,0
BRDA:76,4,0,0
BRDA:76,4,1,0
BRF:10
BRH:0
end_of_record
TN:
SF:src/screens/SignIn/DashboardScreen/DashboardScreen.tsx
FN:18,DashboardScreen
FN:19,(anonymous_1)
FN:35,(anonymous_2)
FN:41,(anonymous_3)
FN:44,(anonymous_4)
FN:49,renderItem
FN:104,(anonymous_6)
FN:111,(anonymous_7)
FN:120,(anonymous_8)
FN:122,(anonymous_9)
FNF:10
FNH:0
FNDA:0,DashboardScreen
FNDA:0,(anonymous_1)
FNDA:0,(anonymous_2)
FNDA:0,(anonymous_3)
FNDA:0,(anonymous_4)
FNDA:0,renderItem
FNDA:0,(anonymous_6)
FNDA:0,(anonymous_7)
FNDA:0,(anonymous_8)
FNDA:0,(anonymous_9)
DA:19,0
DA:20,0
DA:22,0
DA:23,0
DA:25,0
DA:26,0
DA:28,0
DA:29,0
DA:33,0
DA:35,0
DA:36,0
DA:41,0
DA:42,0
DA:44,0
DA:45,0
DA:50,0
DA:53,0
DA:105,0
DA:111,0
DA:120,0
DA:123,0
LF:21
LH:0
BRDA:20,0,0,0
BRDA:20,0,1,0
BRDA:20,0,2,0
BRF:3
BRH:0
end_of_record
TN:
SF:src/screens/SignIn/Enviar/Enviar.tsx
FN:15,Enviar
FN:31,submitForm
FNF:2
FNH:0
FNDA:0,Enviar
FNDA:0,submitForm
DA:16,0
DA:22,0
DA:32,0
DA:33,0
DA:34,0
DA:37,0
DA:46,0
DA:47,0
DA:49,0
DA:52,0
DA:53,0
DA:54,0
DA:55,0
DA:58,0
DA:64,0
LF:15
LH:0
BRDA:32,0,0,0
BRDA:32,0,1,0
BRF:2
BRH:0
end_of_record
TN:
SF:src/screens/SignIn/PortfolioScreen/PortfolioScreen.tsx
FN:9,PortfolioScreen
FN:13,(anonymous_1)
FN:20,(anonymous_2)
FN:25,renderItem
FN:60,(anonymous_4)
FN:70,(anonymous_5)
FN:72,(anonymous_6)
FNF:7
FNH:0
FNDA:0,PortfolioScreen
FNDA:0,(anonymous_1)
FNDA:0,(anonymous_2)
FNDA:0,renderItem
FNDA:0,(anonymous_4)
FNDA:0,(anonymous_5)
FNDA:0,(anonymous_6)
DA:11,0
DA:13,0
DA:20,0
DA:21,0
DA:26,0
DA:30,0
DA:61,0
DA:70,0
DA:73,0
LF:9
LH:0
BRF:0
BRH:0
end_of_record
TN:
SF:src/screens/SignIn/Receber/Receber.tsx
FN:5,Receber
FNF:1
FNH:0
FNDA:0,Receber
DA:6,0
LF:1
LH:0
BRF:0
BRH:0
end_of_record
TN:
SF:src/screens/SignIn/SettingsScreen/SettingScreen.tsx
FN:6,SettingScreen
FNF:1
FNH:0
FNDA:0,SettingScreen
DA:7,0
DA:8,0
DA:9,0
LF:3
LH:0
BRF:0
BRH:0
end_of_record
TN:
SF:src/screens/SignIn/TransactionsScreen/TransactionsScreen.tsx
FN:22,TransactionItem
FN:93,TransactionsScreen
FN:96,(anonymous_2)
FN:100,(anonymous_3)
FN:120,(anonymous_4)
FN:124,(anonymous_5)
FN:153,(anonymous_6)
FN:154,(anonymous_7)
FN:156,(anonymous_8)
FNF:9
FNH:0
FNDA:0,TransactionItem
FNDA:0,TransactionsScreen
FNDA:0,(anonymous_2)
FNDA:0,(anonymous_3)
FNDA:0,(anonymous_4)
FNDA:0,(anonymous_5)
FNDA:0,(anonymous_6)
FNDA:0,(anonymous_7)
FNDA:0,(anonymous_8)
DA:13,0
DA:23,0
DA:94,0
DA:96,0
DA:97,0
DA:100,0
DA:101,0
DA:102,0
DA:103,0
DA:106,0
DA:108,0
DA:121,0
DA:122,0
DA:125,0
DA:126,0
DA:153,0
DA:154,0
DA:157,0
LF:18
LH:0
BRDA:44,0,0,0
BRDA:44,0,1,0
BRDA:101,1,0,0
BRDA:101,1,1,0
BRDA:102,2,0,0
BRDA:102,2,1,0
BRDA:103,3,0,0
BRDA:103,3,1,0
BRDA:131,4,0,0
BRDA:131,4,1,0
BRDA:139,5,0,0
BRDA:139,5,1,0
BRF:12
BRH:0
end_of_record
TN:
SF:src/services/index.ts
FNF:0
FNH:0
LF:0
LH:0
BRF:0
BRH:0
end_of_record
TN:
SF:src/services/Encrypted/Encrypted.ts
FNF:0
FNH:0
LF:0
LH:0
BRF:0
BRH:0
end_of_record
TN:
SF:src/services/Storage/storage.ts
FN:9,initializeStorage
FNF:1
FNH:0
FNDA:0,initializeStorage
DA:10,0
LF:1
LH:0
BRF:0
BRH:0
end_of_record
TN:
SF:src/services/Storage/AsyncStorage/AsyncStorage.ts
FN:5,(anonymous_0)
FN:12,(anonymous_1)
FN:15,(anonymous_2)
FNF:3
FNH:0
FNDA:0,(anonymous_0)
FNDA:0,(anonymous_1)
FNDA:0,(anonymous_2)
DA:4,0
DA:6,0
DA:7,0
DA:8,0
DA:10,0
DA:13,0
DA:16,0
LF:7
LH:0
BRDA:7,0,0,0
BRDA:7,0,1,0
BRF:2
BRH:0
end_of_record
TN:
SF:src/services/Storage/MMKV/MMKVStorage.ts
FN:7,(anonymous_0)
FN:14,(anonymous_1)
FN:17,(anonymous_2)
FNF:3
FNH:0
FNDA:0,(anonymous_0)
FNDA:0,(anonymous_1)
FNDA:0,(anonymous_2)
DA:4,0
DA:6,0
DA:8,0
DA:9,0
DA:10,0
DA:12,0
DA:15,0
DA:17,0
LF:8
LH:0
BRDA:9,0,0,0
BRDA:9,0,1,0
BRF:2
BRH:0
end_of_record
TN:
SF:src/services/TransactionStore/transactionStore.ts
FN:31,(anonymous_0)
FN:34,(anonymous_1)
FN:42,(anonymous_2)
FN:47,(anonymous_3)
FN:48,(anonymous_4)
FN:60,(anonymous_5)
FNF:6
FNH:0
FNDA:0,(anonymous_0)
FNDA:0,(anonymous_1)
FNDA:0,(anonymous_2)
FNDA:0,(anonymous_3)
FNDA:0,(anonymous_4)
FNDA:0,(anonymous_5)
DA:29,0
DA:31,0
DA:35,0
DA:42,0
DA:48,0
DA:60,0
LF:6
LH:0
BRF:0
BRH:0
end_of_record
TN:
SF:src/services/webSocket/webSocket.ts
FN:7,(anonymous_0)
FN:12,(anonymous_1)
FN:17,(anonymous_2)
FN:25,(anonymous_3)
FN:36,(anonymous_4)
FN:39,(anonymous_5)
FNF:6
FNH:0
FNDA:0,(anonymous_0)
FNDA:0,(anonymous_1)
FNDA:0,(anonymous_2)
FNDA:0,(anonymous_3)
FNDA:0,(anonymous_4)
FNDA:0,(anonymous_5)
DA:5,0
DA:8,0
DA:10,0
DA:12,0
DA:13,0
DA:18,0
DA:19,0
DA:20,0
DA:22,0
DA:26,0
DA:27,0
DA:37,0
DA:39,0
DA:40,0
DA:41,0
DA:43,0
DA:48,0
LF:17
LH:0
BRDA:8,0,0,0
BRDA:8,0,1,0
BRDA:18,1,0,0
BRDA:18,1,1,0
BRDA:26,2,0,0
BRDA:26,2,1,0
BRF:6
BRH:0
end_of_record
TN:
SF:src/store/authStore.ts
FN:9,(anonymous_0)
FN:11,(anonymous_1)
FN:12,(anonymous_2)
FNF:3
FNH:0
FNDA:0,(anonymous_0)
FNDA:0,(anonymous_1)
FNDA:0,(anonymous_2)
DA:9,0
DA:11,0
DA:12,0
LF:3
LH:0
BRF:0
BRH:0
end_of_record
TN:
SF:src/store/dashboardStore.ts
FN:25,(anonymous_0)
FN:36,(anonymous_1)
FN:38,(anonymous_2)
FN:39,(anonymous_3)
FN:40,(anonymous_4)
FN:46,(anonymous_5)
FN:48,(anonymous_6)
FN:50,(anonymous_7)
FNF:8
FNH:0
FNDA:0,(anonymous_0)
FNDA:0,(anonymous_1)
FNDA:0,(anonymous_2)
FNDA:0,(anonymous_3)
FNDA:0,(anonymous_4)
FNDA:0,(anonymous_5)
FNDA:0,(anonymous_6)
FNDA:0,(anonymous_7)
DA:25,0
DA:36,0
DA:39,0
DA:40,0
DA:46,0
DA:49,0
DA:50,0
LF:7
LH:0
BRDA:40,0,0,0
BRDA:40,0,1,0
BRF:2
BRH:0
end_of_record
TN:
SF:src/store/index.ts
FNF:0
FNH:0
LF:0
LH:0
BRF:0
BRH:0
end_of_record
TN:
SF:src/store/themeStore.ts
FN:12,(anonymous_0)
FN:15,(anonymous_1)
FNF:2
FNH:0
FNDA:0,(anonymous_0)
FNDA:0,(anonymous_1)
DA:12,0
DA:16,0
DA:17,0
DA:18,0
LF:4
LH:0
BRDA:17,0,0,0
BRDA:17,0,1,0
BRDA:20,1,0,0
BRDA:20,1,1,0
BRF:4
BRH:0
end_of_record
TN:
SF:src/theme/colors.ts
FNF:0
FNH:0
DA:1,0
DA:38,0
DA:56,0
DA:76,0
LF:4
LH:0
BRF:0
BRH:0
end_of_record
TN:
SF:src/theme/index.ts
FNF:0
FNH:0
LF:0
LH:0
BRF:0
BRH:0
end_of_record
TN:
SF:src/theme/theme.ts
FNF:0
FNH:0
DA:5,0
DA:34,0
DA:41,0
LF:3
LH:0
BRF:0
BRH:0
end_of_record
TN:
SF:src/utils/crypto.ts
FN:6,encryptText
FN:11,decryptText
FNF:2
FNH:0
FNDA:0,encryptText
FNDA:0,decryptText
DA:4,0
DA:7,0
DA:8,0
DA:12,0
DA:13,0
LF:5
LH:0
BRF:0
BRH:0
end_of_record
TN:
SF:src/utils/index.ts
FNF:0
FNH:0
LF:0
LH:0
BRF:0
BRH:0
end_of_record
TN:
SF:src/validation/index.ts
FNF:0
FNH:0
LF:0
LH:0
BRF:0
BRH:0
end_of_record
TN:
SF:src/validation/validation.ts
FN:11,(anonymous_0)
FNF:1
FNH:0
FNDA:0,(anonymous_0)
DA:3,0
DA:12,0
DA:13,0
LF:3
LH:0
BRDA:12,0,0,0
BRDA:12,0,1,0
BRDA:13,1,0,0
BRDA:13,1,1,0
BRF:4
BRH:0
end_of_record
